[1/31/2018 5:33:45 AM] [Info] [registered] /admins (Rocket.Unturned.Commands.UnturnedCommands/admins)
[1/31/2018 5:33:45 AM] [Info] [registered] /airdrop (Rocket.Unturned.Commands.UnturnedCommands/airdrop)
[1/31/2018 5:33:45 AM] [Info] [registered] /animal (Rocket.Unturned.Commands.UnturnedCommands/animal)
[1/31/2018 5:33:45 AM] [Info] [registered] /bans (Rocket.Unturned.Commands.UnturnedCommands/bans)
[1/31/2018 5:33:45 AM] [Info] [registered] /bind (Rocket.Unturned.Commands.UnturnedCommands/bind)
[1/31/2018 5:33:45 AM] [Info] [registered] /chatrate (Rocket.Unturned.Commands.UnturnedCommands/chatrate)
[1/31/2018 5:33:45 AM] [Info] [registered] /cheats (Rocket.Unturned.Commands.UnturnedCommands/cheats)
[1/31/2018 5:33:45 AM] [Info] [registered] /cycle (Rocket.Unturned.Commands.UnturnedCommands/cycle)
[1/31/2018 5:33:45 AM] [Info] [registered] /day (Rocket.Unturned.Commands.UnturnedCommands/day)
[1/31/2018 5:33:45 AM] [Info] [registered] /debug (Rocket.Unturned.Commands.UnturnedCommands/debug)
[1/31/2018 5:33:45 AM] [Info] [registered] /experience (Rocket.Unturned.Commands.UnturnedCommands/experience)
[1/31/2018 5:33:45 AM] [Info] [registered] /filter (Rocket.Unturned.Commands.UnturnedCommands/filter)
[1/31/2018 5:33:45 AM] [Info] [registered] /flag (Rocket.Unturned.Commands.UnturnedCommands/flag)
[1/31/2018 5:33:45 AM] [Info] [registered] /gamemode (Rocket.Unturned.Commands.UnturnedCommands/gamemode)
[1/31/2018 5:33:45 AM] [Info] [registered] /give (Rocket.Unturned.Commands.UnturnedCommands/give)
[1/31/2018 5:33:45 AM] [Info] [registered] /gold (Rocket.Unturned.Commands.UnturnedCommands/gold)
[1/31/2018 5:33:45 AM] [Info] [registered] /hide_admins (Rocket.Unturned.Commands.UnturnedCommands/hide_admins)
[1/31/2018 5:33:45 AM] [Info] [registered] /kill (Rocket.Unturned.Commands.UnturnedCommands/kill)
[1/31/2018 5:33:45 AM] [Info] [registered] /loadout (Rocket.Unturned.Commands.UnturnedCommands/loadout)
[1/31/2018 5:33:45 AM] [Info] [registered] /log (Rocket.Unturned.Commands.UnturnedCommands/log)
[1/31/2018 5:33:45 AM] [Info] [registered] /map (Rocket.Unturned.Commands.UnturnedCommands/map)
[1/31/2018 5:33:45 AM] [Info] [registered] /maxplayers (Rocket.Unturned.Commands.UnturnedCommands/maxplayers)
[1/31/2018 5:33:45 AM] [Info] [registered] /mode (Rocket.Unturned.Commands.UnturnedCommands/mode)
[1/31/2018 5:33:45 AM] [Info] [registered] /modules (Rocket.Unturned.Commands.UnturnedCommands/modules)
[1/31/2018 5:33:45 AM] [Info] [registered] /name (Rocket.Unturned.Commands.UnturnedCommands/name)
[1/31/2018 5:33:45 AM] [Info] [registered] /night (Rocket.Unturned.Commands.UnturnedCommands/night)
[1/31/2018 5:33:45 AM] [Info] [registered] /owner (Rocket.Unturned.Commands.UnturnedCommands/owner)
[1/31/2018 5:33:45 AM] [Info] [registered] /password (Rocket.Unturned.Commands.UnturnedCommands/password)
[1/31/2018 5:33:45 AM] [Info] [registered] /permit (Rocket.Unturned.Commands.UnturnedCommands/permit)
[1/31/2018 5:33:45 AM] [Info] [registered] /permits (Rocket.Unturned.Commands.UnturnedCommands/permits)
[1/31/2018 5:33:45 AM] [Info] [registered] /perspective (Rocket.Unturned.Commands.UnturnedCommands/perspective)
[1/31/2018 5:33:45 AM] [Info] [registered] /players (Rocket.Unturned.Commands.UnturnedCommands/players)
[1/31/2018 5:33:45 AM] [Info] [registered] /port (Rocket.Unturned.Commands.UnturnedCommands/port)
[1/31/2018 5:33:45 AM] [Info] [registered] /pve (Rocket.Unturned.Commands.UnturnedCommands/pve)
[1/31/2018 5:33:45 AM] [Info] [registered] /quest (Rocket.Unturned.Commands.UnturnedCommands/quest)
[1/31/2018 5:33:45 AM] [Info] [registered] /queue_size (Rocket.Unturned.Commands.UnturnedCommands/queue_size)
[1/31/2018 5:33:45 AM] [Info] [registered] /reputation (Rocket.Unturned.Commands.UnturnedCommands/reputation)
[1/31/2018 5:33:45 AM] [Info] [registered] /resetconfig (Rocket.Unturned.Commands.UnturnedCommands/resetconfig)
[1/31/2018 5:33:45 AM] [Info] [registered] /save (Rocket.Unturned.Commands.UnturnedCommands/save)
[1/31/2018 5:33:45 AM] [Info] [registered] /say (Rocket.Unturned.Commands.UnturnedCommands/say)
[1/31/2018 5:33:45 AM] [Info] [registered] /shutdown (Rocket.Unturned.Commands.UnturnedCommands/shutdown)
[1/31/2018 5:33:45 AM] [Info] [registered] /spy (Rocket.Unturned.Commands.UnturnedCommands/spy)
[1/31/2018 5:33:45 AM] [Info] [registered] /sync (Rocket.Unturned.Commands.UnturnedCommands/sync)
[1/31/2018 5:33:45 AM] [Info] [registered] /teleport (Rocket.Unturned.Commands.UnturnedCommands/teleport)
[1/31/2018 5:33:45 AM] [Info] [registered] /time (Rocket.Unturned.Commands.UnturnedCommands/time)
[1/31/2018 5:33:45 AM] [Info] [registered] /timeout (Rocket.Unturned.Commands.UnturnedCommands/timeout)
[1/31/2018 5:33:45 AM] [Info] [registered] /unpermit (Rocket.Unturned.Commands.UnturnedCommands/unpermit)
[1/31/2018 5:33:45 AM] [Info] [registered] /vehicle (Rocket.Unturned.Commands.UnturnedCommands/vehicle)
[1/31/2018 5:33:45 AM] [Info] [registered] /votify (Rocket.Unturned.Commands.UnturnedCommands/votify)
[1/31/2018 5:33:45 AM] [Info] [registered] /weather (Rocket.Unturned.Commands.UnturnedCommands/weather)
[1/31/2018 5:33:45 AM] [Info] [registered] /welcome (Rocket.Unturned.Commands.UnturnedCommands/welcome)
[1/31/2018 5:33:45 AM] [Info] [registered] /whitelisted (Rocket.Unturned.Commands.UnturnedCommands/whitelisted)
[1/31/2018 5:33:45 AM] [Info] [registered] /more (Rocket.Unturned.Commands.CommandMore/more)
[1/31/2018 5:33:45 AM] [Info] [registered] /admin (Rocket.Unturned.Commands.CommandAdmin/admin)
[1/31/2018 5:33:45 AM] [Info] [registered] /broadcast (Rocket.Unturned.Commands.CommandBroadcast/broadcast)
[1/31/2018 5:33:45 AM] [Info] [registered] /compass (Rocket.Unturned.Commands.CommandCompass/compass)
[1/31/2018 5:33:45 AM] [Info] [registered] /effect (Rocket.Unturned.Commands.CommandEffect/effect)
[1/31/2018 5:33:45 AM] [Info] [registered] /exit (Rocket.Unturned.Commands.CommandExit/exit)
[1/31/2018 5:33:45 AM] [Info] [registered] /god (Rocket.Unturned.Commands.CommandGod/god)
[1/31/2018 5:33:45 AM] [Info] [registered] /heal (Rocket.Unturned.Commands.CommandHeal/heal)
[1/31/2018 5:33:45 AM] [Info] [registered] /help (Rocket.Unturned.Commands.CommandHelp/help)
[1/31/2018 5:33:45 AM] [Info] [registered] /tphome (Rocket.Unturned.Commands.CommandHome/home)
[1/31/2018 5:33:45 AM] [Info] [registered] /i (Rocket.Unturned.Commands.CommandI/i)
[1/31/2018 5:33:45 AM] [Info] [registered] /item (Rocket.Unturned.Commands.CommandI/item)
[1/31/2018 5:33:45 AM] [Info] [registered] /p (Rocket.Unturned.Commands.CommandP/p)
[1/31/2018 5:33:45 AM] [Info] [registered] /permissions (Rocket.Unturned.Commands.CommandP/permissions)
[1/31/2018 5:33:45 AM] [Info] [registered] /rocket (Rocket.Unturned.Commands.CommandRocket/rocket)
[1/31/2018 5:33:45 AM] [Info] [registered] /tp (Rocket.Unturned.Commands.CommandTp/tp)
[1/31/2018 5:33:45 AM] [Info] [registered] /tphere (Rocket.Unturned.Commands.CommandTphere/tphere)
[1/31/2018 5:33:45 AM] [Info] [registered] /unadmin (Rocket.Unturned.Commands.CommandUnadmin/unadmin)
[1/31/2018 5:33:45 AM] [Info] [registered] /v (Rocket.Unturned.Commands.CommandV/v)
[1/31/2018 5:33:45 AM] [Info] [registered] /vanish (Rocket.Unturned.Commands.CommandVanish/vanish)
[1/31/2018 5:33:46 AM] [Info] Loading AdminChat from D:\unturned\Servers\Servidor\Rocket\Plugins\AdminChat.dll
[1/31/2018 5:33:46 AM] [Info] Loading AdminWarnings from D:\unturned\Servers\Servidor\Rocket\Plugins\AdminWarnings.dll
[1/31/2018 5:33:46 AM] [Info] Loading DeathMessagesRemastered from D:\unturned\Servers\Servidor\Rocket\Plugins\DeathMessagesRemastered.dll
[1/31/2018 5:33:46 AM] [Info] Loading FeexExp from D:\unturned\Servers\Servidor\Rocket\Plugins\FeexExp.dll
[1/31/2018 5:33:46 AM] [Info] Loading FeexRanks from D:\unturned\Servers\Servidor\Rocket\Plugins\FeexRanks.dll
[1/31/2018 5:33:46 AM] [Info] Loading JoinLeaveMessages from D:\unturned\Servers\Servidor\Rocket\Plugins\JoinLeaveMessages.dll
[1/31/2018 5:33:46 AM] [Info] Loading Kits from D:\unturned\Servers\Servidor\Rocket\Plugins\Kits.dll
[1/31/2018 5:33:46 AM] [Info] Loading MessageAnnouncer from D:\unturned\Servers\Servidor\Rocket\Plugins\MessageAnnouncer.dll
[1/31/2018 5:33:46 AM] [Info] Loading RocketMod_TPA from D:\unturned\Servers\Servidor\Rocket\Plugins\RocketMod_TPA.dll
[1/31/2018 5:33:46 AM] [Info] Loading SmartSpawner from D:\unturned\Servers\Servidor\Rocket\Plugins\SmartSpawner.dll
[1/31/2018 5:33:46 AM] [Info] Loading Uconomy from D:\unturned\Servers\Servidor\Rocket\Plugins\Uconomy.dll
[1/31/2018 5:33:46 AM] [Info] Loading ZaupClearInventoryLib from D:\unturned\Servers\Servidor\Rocket\Plugins\ZaupClearInventoryLib.dll
[1/31/2018 5:33:46 AM] [Info] Loading ZaupFeast from D:\unturned\Servers\Servidor\Rocket\Plugins\ZaupFeast.dll
[1/31/2018 5:33:46 AM] [Info] 
[loading] AdminChat
[1/31/2018 5:33:46 AM] [Info] [registered] /adminchat (AdminChat.CommandAdminChat/AdminChat)
[1/31/2018 5:33:46 AM] [Info] [registered] /ac (AdminChat.CommandAdminChat/ac)
[1/31/2018 5:33:46 AM] [Warning] AdminChat by Anomoly :)
[1/31/2018 5:33:46 AM] [Warning] Current Version: 8
[1/31/2018 5:33:46 AM] [Warning] Something wrong? Join my Discord for support discord.gg/4Fq2Spe
[1/31/2018 5:33:46 AM] [Info] 
[loading] AdminWarnings
[1/31/2018 5:33:46 AM] [Info] [registered] /removewarn (AdminWarnings.CommandRemoveWarn/removewarn)
[1/31/2018 5:33:46 AM] [Info] [registered] /warn (AdminWarnings.CommandWarn/warn)
[1/31/2018 5:33:46 AM] [Info] [registered] /warnings (AdminWarnings.CommandWarnings/warnings)
[1/31/2018 5:33:46 AM] [Info] [registered] /warns (AdminWarnings.CommandWarnings/warns)
[1/31/2018 5:33:46 AM] [Info] [registered] /clearwarninglogs (AdminWarnings.Commands.CommandClearWarningLogs/clearwarninglogs)
[1/31/2018 5:33:46 AM] [Info] AdminWarnings >> AdminWarnings has Loaded!
[1/31/2018 5:33:46 AM] [Info] 
[loading] DeathMessagesRemastered
[1/31/2018 5:33:46 AM] [Info] DeathMessagesRemastered >> Death Messages Remastered has been loaded!
[1/31/2018 5:33:46 AM] [Warning] --
[1/31/2018 5:33:46 AM] [Warning] Suicide messages are enabled!
[1/31/2018 5:33:46 AM] [Warning] Health warning messages are enabled!
[1/31/2018 5:33:46 AM] [Warning] Uconomy is enabled!
[1/31/2018 5:33:46 AM] [Warning] Experience is enabled!
[1/31/2018 5:33:46 AM] [Warning] --
[1/31/2018 5:33:46 AM] [Info] 
[loading] FeexExp
[1/31/2018 5:33:46 AM] [Info] [registered] /exp (Freenex.FeexExp.CommandExp/exp)
[1/31/2018 5:33:46 AM] [Info] FeexExp >> Freenex's FeexExp has been loaded!
[1/31/2018 5:33:46 AM] [Info] Adding UnturnedPlayerComponent: FeexExpPlayerComponent
[1/31/2018 5:33:46 AM] [Info] 
[loading] FeexRanks
[1/31/2018 5:33:46 AM] [Info] [registered] /list (Freenex.FeexRanks.CommandList/list)
[1/31/2018 5:33:46 AM] [Info] [registered] /points (Freenex.FeexRanks.CommandPoints/points)
[1/31/2018 5:33:46 AM] [Info] [registered] /rank (Freenex.FeexRanks.CommandRank/rank)
[1/31/2018 5:33:48 AM] [Error] FeexRanks >> Can't connect to MySQL host.
[1/31/2018 5:33:48 AM] [Info] FeexRanks >> 
[unloading] FeexRanks
[1/31/2018 5:33:48 AM] [Info] FeexRanks >> Freenex's FeexRanks has been unloaded!
[1/31/2018 5:33:48 AM] [Info] FeexRanks >> Freenex's FeexRanks has been loaded!
[1/31/2018 5:33:48 AM] [Info] 
[loading] JoinLeaveMessages
[1/31/2018 5:33:48 AM] [Info] 
[loading] Kits
[1/31/2018 5:33:48 AM] [Info] [registered] /kits (fr34kyn01535.Kits.CommandKits/kits)
[1/31/2018 5:33:48 AM] [Info] [registered] /kit (fr34kyn01535.Kits.CommandKit/kit)
[1/31/2018 5:33:48 AM] [Info] Kits >> Optional dependency Uconomy is not present.
[1/31/2018 5:33:48 AM] [Info] 
[loading] MessageAnnouncer
[1/31/2018 5:33:48 AM] [Info] MessageAnnouncer >> Load
[1/31/2018 5:33:48 AM] [Info] [registered] /reglas (fr34kyn01535.MessageAnnouncer.RocketTextCommand/Reglas)
[1/31/2018 5:33:48 AM] [Info] [registered] /reglas (fr34kyn01535.MessageAnnouncer.RocketTextCommand/Reglas)
[1/31/2018 5:33:48 AM] [Info] 
[loading] RocketMod_TPA
[1/31/2018 5:33:48 AM] [Info] [registered] /tpa (RocketMod_TPA.CommandTPA/tpa)
[1/31/2018 5:33:48 AM] [Warning] TPA by LeeIzaZombie, Version 1.7.0.2
[1/31/2018 5:33:48 AM] [Warning] ...
[1/31/2018 5:33:48 AM] [Warning] Current configuration:
[1/31/2018 5:33:48 AM] [Warning] ...
[1/31/2018 5:33:48 AM] [Warning] Cooldown TPA requests: enabled, Seconds: 20
[1/31/2018 5:33:48 AM] [Warning] Delay teleporting: enabled, Seconds: 7
[1/31/2018 5:33:48 AM] [Warning] Cancel teleport if bleeding: disabled
[1/31/2018 5:33:48 AM] [Warning] NinjaTP: disabled, EffectID: 0
[1/31/2018 5:33:48 AM] [Warning] [Delay] Cancel teleport if hurt: enabled
[1/31/2018 5:33:48 AM] [Warning] ...
[1/31/2018 5:33:48 AM] [Warning] Checking for problems:
[1/31/2018 5:33:48 AM] [Warning] No errors have been found!
[1/31/2018 5:33:48 AM] [Warning] ...
[1/31/2018 5:33:48 AM] [Warning] Always welcome to suggestions! If you find a bug, please report it!
[1/31/2018 5:33:48 AM] [Info] 
[loading] SmartSpawner
[1/31/2018 5:33:48 AM] [Info] [registered] /ss (SmartSpawner.SmartSpawner/ss)
[1/31/2018 5:33:48 AM] [Info] 
[loading] Uconomy
[1/31/2018 5:33:48 AM] [Info] [registered] /balance (fr34kyn01535.Uconomy.CommandBalance/balance)
[1/31/2018 5:33:48 AM] [Info] [registered] /pay (fr34kyn01535.Uconomy.CommandPay/pay)
[1/31/2018 5:33:50 AM] [Exception] Uconomy >> Exception in Uconomy: MySql.Data.MySqlClient.MySqlException: Unable to connect to any of the specified MySQL hosts.
  at MySql.Data.MySqlClient.NativeDriver.Open () [0x00000] in <filename unknown>:0 
  at MySql.Data.MySqlClient.Driver.Open () [0x00000] in <filename unknown>:0 
  at MySql.Data.MySqlClient.Driver.Create (MySql.Data.MySqlClient.MySqlConnectionStringBuilder settings) [0x00000] in <filename unknown>:0 
[1/31/2018 5:33:50 AM] [Info] 
[loading] ZaupClearInventoryLib
[1/31/2018 5:33:50 AM] [Info] [registered] /ci (ZaupClearInventoryLib.CommandCi/ci)
[1/31/2018 5:33:50 AM] [Info] [registered] /clearinventory (ZaupClearInventoryLib.CommandCi/clearinventory)
[1/31/2018 5:33:50 AM] [Info] [registered] /cleari (ZaupClearInventoryLib.CommandCi/cleari)
[1/31/2018 5:33:50 AM] [Info] 
[loading] ZaupFeast
[1/31/2018 5:33:50 AM] [Info] [registered] /runfeast (ZaupFeast.CommandRunFeast/runfeast)
[1/31/2018 5:33:50 AM] [Info] [registered] /frun (ZaupFeast.CommandRunFeast/frun)
[1/31/2018 5:33:50 AM] [Info] This server will automatically save every 60 seconds
[1/31/2018 5:33:50 AM] [Info] MessageAnnouncer >> Broadcast: Se amable con quienes no tienen armas.
[1/31/2018 5:33:50 AM] [Info] MessageAnnouncer >> Se amable con quienes no tienen armas.
[1/31/2018 5:33:51 AM] [Info] Steam servers ready!
[1/31/2018 5:33:51 AM] [Info] Workshop install folder: D:\unturned/Servers/Servidor/Workshop/Steam
[1/31/2018 5:33:51 AM] [Info] Downloading 0 workshop items...
[1/31/2018 5:33:51 AM] [Info] General: Survival
[1/31/2018 5:33:51 AM] [Info] Loading level: 8%
[1/31/2018 5:33:51 AM] [Info] ZaupFeast >> The next feast will be at Summerside Military Base at 1/31/2018 5:48:51 AM
[1/31/2018 5:33:52 AM] [Info] Loading level: 16%
[1/31/2018 5:33:52 AM] [Info] Loading level: 25%
[1/31/2018 5:33:52 AM] [Info] Loading level: 33%
[1/31/2018 5:33:52 AM] [Info] Loading level: 41%
[1/31/2018 5:33:52 AM] [Info] Loading level: 50%
[1/31/2018 5:33:52 AM] [Info] Loading level: 58%
[1/31/2018 5:33:52 AM] [Info] Loading level: 66%
[1/31/2018 5:33:52 AM] [Info] Loading level: 75%
[1/31/2018 5:33:52 AM] [Info] Loading level: 83%
[1/31/2018 5:33:52 AM] [Info] Loading level: 91%
[1/31/2018 5:33:52 AM] [Info] Loading level: 100%
[1/31/2018 5:33:55 AM] [Info] Successfully set name to wenactm!
[1/31/2018 5:34:50 AM] [Info] Saving server
[1/31/2018 5:35:30 AM] [Info] MessageAnnouncer >> Broadcast: RANGOS DISPONIBLES EN TS!! mafiainc.izi.cl
[1/31/2018 5:35:30 AM] [Info] MessageAnnouncer >> RANGOS DISPONIBLES EN TS!! mafiainc.izi.cl
[1/31/2018 5:35:50 AM] [Info] Saving server
[1/31/2018 5:36:25 AM] [Info] Connecting: PlayerID: 76561198021210177 Name: 'elpraaah Character: Elprah
[1/31/2018 5:36:27 AM] [Exception] FeexRanks >> Exception in FeexRanks: MySql.Data.MySqlClient.MySqlException: Unable to connect to any of the specified MySQL hosts.
  at MySql.Data.MySqlClient.NativeDriver.Open () [0x00000] in <filename unknown>:0 
  at MySql.Data.MySqlClient.Driver.Open () [0x00000] in <filename unknown>:0 
  at MySql.Data.MySqlClient.Driver.Create (MySql.Data.MySqlClient.MySqlConnectionStringBuilder settings) [0x00000] in <filename unknown>:0 
[1/31/2018 5:36:27 AM] [Exception] FeexRanks >> Exception in FeexRanks: MySql.Data.MySqlClient.MySqlException: Unable to connect to any of the specified MySQL hosts.
  at MySql.Data.MySqlClient.NativeDriver.Open () [0x00000] in <filename unknown>:0 
  at MySql.Data.MySqlClient.Driver.Open () [0x00000] in <filename unknown>:0 
  at MySql.Data.MySqlClient.Driver.Create (MySql.Data.MySqlClient.MySqlConnectionStringBuilder settings) [0x00000] in <filename unknown>:0 
[1/31/2018 5:36:27 AM] [Info] Broadcast: [Associato] Elprah (NULL puntos, posicion NULL) se ha conectado al server.
[1/31/2018 5:36:29 AM] [Exception] Uconomy >> Exception in Uconomy: MySql.Data.MySqlClient.MySqlException: Unable to connect to any of the specified MySQL hosts.
  at MySql.Data.MySqlClient.NativeDriver.Open () [0x00000] in <filename unknown>:0 
  at MySql.Data.MySqlClient.Driver.Open () [0x00000] in <filename unknown>:0 
  at MySql.Data.MySqlClient.Driver.Create (MySql.Data.MySqlClient.MySqlConnectionStringBuilder settings) [0x00000] in <filename unknown>:0 
[1/31/2018 5:36:32 AM] [Info] [World] Elprah ['elpraaah]: "q wea"
[1/31/2018 5:36:40 AM] [Info] [World] Elprah ['elpraaah]: "/kits"
[1/31/2018 5:36:50 AM] [Info] Saving server
[1/31/2018 5:36:57 AM] [Info] Broadcast: ola
[1/31/2018 5:37:05 AM] [Error] Failed to change password while running.
[1/31/2018 5:37:10 AM] [Info] MessageAnnouncer >> Broadcast: Bienvenido a Mafia Inc. Disfruta tu estadia♥
[1/31/2018 5:37:50 AM] [Info] MessageAnnouncer >> Bienvenido a Mafia Inc. Disfruta tu estadia♥
[1/31/2018 5:37:50 AM] [Info] Saving server
[1/31/2018 5:38:50 AM] [Info] MessageAnnouncer >> Broadcast: Puedes ver la IP de nuestro servidor de ts3 con el comando /ts
[1/31/2018 5:38:50 AM] [Info] MessageAnnouncer >> Puedes ver la IP de nuestro servidor de ts3 con el comando /ts
[1/31/2018 5:38:50 AM] [Info] Saving server
[1/31/2018 5:39:44 AM] [Info] Connecting: PlayerID: 76561198160890445 Name: ★MAFIA UNTURNED Character: Erre
[1/31/2018 5:39:46 AM] [Exception] FeexRanks >> Exception in FeexRanks: MySql.Data.MySqlClient.MySqlException: Unable to connect to any of the specified MySQL hosts.
  at MySql.Data.MySqlClient.NativeDriver.Open () [0x00000] in <filename unknown>:0 
  at MySql.Data.MySqlClient.Driver.Open () [0x00000] in <filename unknown>:0 
  at MySql.Data.MySqlClient.Driver.Create (MySql.Data.MySqlClient.MySqlConnectionStringBuilder settings) [0x00000] in <filename unknown>:0 
[1/31/2018 5:39:46 AM] [Exception] FeexRanks >> Exception in FeexRanks: MySql.Data.MySqlClient.MySqlException: Unable to connect to any of the specified MySQL hosts.
  at MySql.Data.MySqlClient.NativeDriver.Open () [0x00000] in <filename unknown>:0 
  at MySql.Data.MySqlClient.Driver.Open () [0x00000] in <filename unknown>:0 
  at MySql.Data.MySqlClient.Driver.Create (MySql.Data.MySqlClient.MySqlConnectionStringBuilder settings) [0x00000] in <filename unknown>:0 
[1/31/2018 5:39:46 AM] [Info] Broadcast: [Associato] Erre (NULL puntos, posicion NULL) se ha conectado al server.
[1/31/2018 5:39:48 AM] [Exception] Uconomy >> Exception in Uconomy: MySql.Data.MySqlClient.MySqlException: Unable to connect to any of the specified MySQL hosts.
  at MySql.Data.MySqlClient.NativeDriver.Open () [0x00000] in <filename unknown>:0 
  at MySql.Data.MySqlClient.Driver.Open () [0x00000] in <filename unknown>:0 
  at MySql.Data.MySqlClient.Driver.Create (MySql.Data.MySqlClient.MySqlConnectionStringBuilder settings) [0x00000] in <filename unknown>:0 
[1/31/2018 5:39:50 AM] [Info] Saving server
[1/31/2018 5:40:03 AM] [Info] Erre was added to the group admin
[1/31/2018 5:40:05 AM] [Info] [World] Erre [★MAFIA UNTURNED]: "/tp elprah"
[1/31/2018 5:40:05 AM] [Info] Erre teleported to Elprah
[1/31/2018 5:40:09 AM] [Info] Broadcast: xd
[1/31/2018 5:40:11 AM] [Info] [World] Erre [★MAFIA UNTURNED]: "/kits"
[1/31/2018 5:40:15 AM] [Info] [World] Erre [★MAFIA UNTURNED]: "/kit 8765"
[1/31/2018 5:40:15 AM] [Info] Kits >> Failed giving a item to Erre (8763,1)
[1/31/2018 5:40:15 AM] [Info] Kits >> Failed giving a item to Erre (8758,15)
[1/31/2018 5:40:15 AM] [Info] Kits >> Failed giving a item to Erre (8757,1)
[1/31/2018 5:40:15 AM] [Info] Kits >> Failed giving a item to Erre (8765,15)
[1/31/2018 5:40:17 AM] [Info] Successfully admined Erre
[1/31/2018 5:40:22 AM] [Info] [World] Elprah ['elpraaah]: "/god"
[1/31/2018 5:40:22 AM] [Info] Elprah enabled Godmode
[1/31/2018 5:40:26 AM] [Info] [World] Elprah ['elpraaah]: "/kits"
[1/31/2018 5:40:28 AM] [Info] [World] Elprah ['elpraaah]: "/kit 8765"
[1/31/2018 5:40:28 AM] [Info] Kits >> Failed giving a item to Elprah (8763,1)
[1/31/2018 5:40:28 AM] [Info] Kits >> Failed giving a item to Elprah (8758,15)
[1/31/2018 5:40:28 AM] [Info] Kits >> Failed giving a item to Elprah (8757,1)
[1/31/2018 5:40:28 AM] [Info] Kits >> Failed giving a item to Elprah (8765,15)
[1/31/2018 5:40:30 AM] [Info] MessageAnnouncer >> Broadcast: Los kits disponibles son: Pve, Pvp, Colacion y Sniper
[1/31/2018 5:40:30 AM] [Info] MessageAnnouncer >> Los kits disponibles son: Pve, Pvp, Colacion y Sniper
[1/31/2018 5:40:47 AM] [Info] [World] Erre [★MAFIA UNTURNED]: "/exp 150000"
[1/31/2018 5:40:50 AM] [Info] Saving server
[1/31/2018 5:41:15 AM] [Info] [World] Erre [★MAFIA UNTURNED]: "como"
[1/31/2018 5:41:17 AM] [Info] [World] Erre [★MAFIA UNTURNED]: "clonaste todo"
[1/31/2018 5:41:18 AM] [Info] [World] Erre [★MAFIA UNTURNED]: "jxD"
[1/31/2018 5:41:18 AM] [Info] DeathMessagesRemastered >> Broadcast: Erre, recibio un headshot de, Elprah, HP: 100%, usando un(a) Ace !
[1/31/2018 5:41:20 AM] [Exception] Uconomy >> Exception in Uconomy: MySql.Data.MySqlClient.MySqlException: Unable to connect to any of the specified MySQL hosts.
  at MySql.Data.MySqlClient.NativeDriver.Open () [0x00000] in <filename unknown>:0 
  at MySql.Data.MySqlClient.Driver.Open () [0x00000] in <filename unknown>:0 
  at MySql.Data.MySqlClient.Driver.Create (MySql.Data.MySqlClient.MySqlConnectionStringBuilder settings) [0x00000] in <filename unknown>:0 
[1/31/2018 5:41:20 AM] [Info] Erre [★MAFIA UNTURNED] was shot in the head by Elprah ['elpraaah]!
[1/31/2018 5:41:20 AM] [Info] [World] Erre [★MAFIA UNTURNED]: "/god"
[1/31/2018 5:41:20 AM] [Info] Erre enabled Godmode
[1/31/2018 5:41:21 AM] [Info] [World] Elprah ['elpraaah]: "no clone todo"
[1/31/2018 5:41:22 AM] [Exception] FeexRanks >> Exception in FeexRanks: MySql.Data.MySqlClient.MySqlException: Unable to connect to any of the specified MySQL hosts.
  at MySql.Data.MySqlClient.NativeDriver.Open () [0x00000] in <filename unknown>:0 
  at MySql.Data.MySqlClient.Driver.Open () [0x00000] in <filename unknown>:0 
  at MySql.Data.MySqlClient.Driver.Create (MySql.Data.MySqlClient.MySqlConnectionStringBuilder settings) [0x00000] in <filename unknown>:0 
[1/31/2018 5:41:23 AM] [Info] [World] Elprah ['elpraaah]: "clone solo lo del rocket"
[1/31/2018 5:41:30 AM] [Info] [World] Erre [★MAFIA UNTURNED]: "entnoces el error no es el rocket"
[1/31/2018 5:41:38 AM] [Info] [World] Elprah ['elpraaah]: "lo mas probable es que no sea lo del rocket"
[1/31/2018 5:41:43 AM] [Info] [World] Erre [★MAFIA UNTURNED]: "hmm"
[1/31/2018 5:41:45 AM] [Info] [World] Erre [★MAFIA UNTURNED]: "los items no son"
[1/31/2018 5:41:48 AM] [Info] [World] Erre [★MAFIA UNTURNED]: "pq aca funcionan biuen"
[1/31/2018 5:41:50 AM] [Info] Saving server
[1/31/2018 5:41:53 AM] [Info] [World] Erre [★MAFIA UNTURNED]: "y fue una wea de recien"
[1/31/2018 5:41:53 AM] [Info] [World] Elprah ['elpraaah]: "pero no estan los admin po"
[1/31/2018 5:41:59 AM] [Info] [World] Erre [★MAFIA UNTURNED]: "pq antes estaba todo bien"
[1/31/2018 5:42:01 AM] [Info] [World] Erre [★MAFIA UNTURNED]: "y si le cambio"
[1/31/2018 5:42:02 AM] [Info] [World] Erre [★MAFIA UNTURNED]: "el *"
[1/31/2018 5:42:07 AM] [Info] [World] Elprah ['elpraaah]: "no po wn"
[1/31/2018 5:42:07 AM] [Info] [World] Erre [★MAFIA UNTURNED]: "en vola por tener esa wea absorbe la wea"
[1/31/2018 5:42:09 AM] [Info] [World] Elprah ['elpraaah]: "si eso es parte"
[1/31/2018 5:42:10 AM] [Info] MessageAnnouncer >> Broadcast: Staff: Elprah, Erre
[1/31/2018 5:42:10 AM] [Info] MessageAnnouncer >> Staff: Elprah, Erre
[1/31/2018 5:42:11 AM] [Info] [World] Elprah ['elpraaah]: "de rocket"
[1/31/2018 5:42:14 AM] [Info] [World] Erre [★MAFIA UNTURNED]: "puta entonces"
[1/31/2018 5:42:19 AM] [Info] [World] Erre [★MAFIA UNTURNED]: "/tp el"
[1/31/2018 5:42:19 AM] [Info] Erre teleported to Elprah
[1/31/2018 5:42:20 AM] [Info] [World] Elprah ['elpraaah]: "no son los items de admin q agregaste"
[1/31/2018 5:42:23 AM] [Info] [World] Elprah ['elpraaah]: "dudo q sean eso igual pero"
[1/31/2018 5:42:24 AM] [Info] [World] Elprah ['elpraaah]: "xD"
[1/31/2018 5:42:29 AM] [Info] [World] Erre [★MAFIA UNTURNED]: "uqe si fuese eso"
[1/31/2018 5:42:32 AM] [Info] [World] Erre [★MAFIA UNTURNED]: "tambien habria dramas aca"
[1/31/2018 5:42:38 AM] [Info] [World] Erre [★MAFIA UNTURNED]: "tiene uqehaber sido otra coas"
[1/31/2018 5:42:39 AM] [Info] [World] Elprah ['elpraaah]: "pero yo no se los he puesto"
[1/31/2018 5:42:41 AM] [Info] [World] Elprah ['elpraaah]: "los items de admin"
[1/31/2018 5:42:48 AM] [Info] [World] Elprah ['elpraaah]: "no se como ponerselos"
[1/31/2018 5:42:49 AM] [Info] [World] Erre [★MAFIA UNTURNED]: "cmo q no"
[1/31/2018 5:42:50 AM] [Info] Saving server
[1/31/2018 5:42:51 AM] [Info] [World] Elprah ['elpraaah]: "es igual ?"
[1/31/2018 5:42:52 AM] [Info] [World] Elprah ['elpraaah]: "no po wn"
[1/31/2018 5:42:55 AM] [Info] [World] Elprah ['elpraaah]: "no ta el admin magazine"
[1/31/2018 5:42:56 AM] [Info] [World] Elprah ['elpraaah]: "ni la mochila"
[1/31/2018 5:43:00 AM] [Info] [World] Erre [★MAFIA UNTURNED]: "el server anterior"
[1/31/2018 5:43:03 AM] [Info] [World] Erre [★MAFIA UNTURNED]: "siempre estuvo con eso"
[1/31/2018 5:43:08 AM] [Info] [World] Erre [★MAFIA UNTURNED]: "e hecho antes de que se bugueara"
[1/31/2018 5:43:09 AM] [Info] [World] Elprah ['elpraaah]: "y no tenia doble ?"
[1/31/2018 5:43:10 AM] [Info] [World] Erre [★MAFIA UNTURNED]: "ya estaban"
[1/31/2018 5:43:11 AM] [Info] [World] Erre [★MAFIA UNTURNED]: "no"
[1/31/2018 5:43:11 AM] [Info] [World] Elprah ['elpraaah]: "aaaa"
[1/31/2018 5:43:16 AM] [Info] [World] Elprah ['elpraaah]: "entonces ss de la carpeta edl server"
[1/31/2018 5:43:20 AM] [Info] [World] Erre [★MAFIA UNTURNED]: "si"
[1/31/2018 5:43:23 AM] [Info] [World] Erre [★MAFIA UNTURNED]: "cfreo saber que es"
[1/31/2018 5:43:29 AM] [Info] [World] Erre [★MAFIA UNTURNED]: "el rocket"
[1/31/2018 5:43:30 AM] [Info] [World] Erre [★MAFIA UNTURNED]: "en general"
[1/31/2018 5:43:32 AM] [Info] [World] Erre [★MAFIA UNTURNED]: "no la carpeta"
[1/31/2018 5:43:35 AM] [Info] Successfully saved the game.
[1/31/2018 5:43:38 AM] [Info] ZaupFeast >> The next feast will be at Pirate Cove at 1/31/2018 5:58:38 AM
[1/31/2018 5:43:38 AM] [Info] 
[unloading] SmartSpawner
[1/31/2018 5:43:38 AM] [Info] 
[unloading] ZaupFeast
[1/31/2018 5:43:38 AM] [Info] 
[unloading] AdminWarnings
[1/31/2018 5:43:38 AM] [Info] AdminWarnings >> AdminWarnings has Unloaded!
[1/31/2018 5:43:38 AM] [Info] 
[unloading] MessageAnnouncer
[1/31/2018 5:43:38 AM] [Info] MessageAnnouncer >> Unload
[1/31/2018 5:43:38 AM] [Info] 
[unloading] FeexRanks
[1/31/2018 5:43:38 AM] [Info] FeexRanks >> Freenex's FeexRanks has been unloaded!
[1/31/2018 5:43:38 AM] [Info] 
[unloading] AdminChat
[1/31/2018 5:43:38 AM] [Info] 
[unloading] ZaupClearInventoryLib
[1/31/2018 5:43:38 AM] [Info] 
[unloading] JoinLeaveMessages
[1/31/2018 5:43:38 AM] [Info] 
[unloading] Kits
[1/31/2018 5:43:38 AM] [Info] 
[unloading] DeathMessagesRemastered
[1/31/2018 5:43:38 AM] [Info] 
[unloading] RocketMod_TPA
[1/31/2018 5:43:38 AM] [Info] 
[unloading] FeexExp
[1/31/2018 5:43:38 AM] [Info] FeexExp >> Freenex's FeexExp has been unloaded!
[1/31/2018 5:43:38 AM] [Info] 
[unloading] Uconomy
