[1/31/2018 12:36:58 AM] [Info] [registered] /admins (Rocket.Unturned.Commands.UnturnedCommands/admins)
[1/31/2018 12:36:58 AM] [Info] [registered] /airdrop (Rocket.Unturned.Commands.UnturnedCommands/airdrop)
[1/31/2018 12:36:58 AM] [Info] [registered] /animal (Rocket.Unturned.Commands.UnturnedCommands/animal)
[1/31/2018 12:36:58 AM] [Info] [registered] /ban (Rocket.Unturned.Commands.UnturnedCommands/ban)
[1/31/2018 12:36:58 AM] [Info] [registered] /bans (Rocket.Unturned.Commands.UnturnedCommands/bans)
[1/31/2018 12:36:58 AM] [Info] [registered] /bind (Rocket.Unturned.Commands.UnturnedCommands/bind)
[1/31/2018 12:36:58 AM] [Info] [registered] /chatrate (Rocket.Unturned.Commands.UnturnedCommands/chatrate)
[1/31/2018 12:36:58 AM] [Info] [registered] /cheats (Rocket.Unturned.Commands.UnturnedCommands/cheats)
[1/31/2018 12:36:58 AM] [Info] [registered] /cycle (Rocket.Unturned.Commands.UnturnedCommands/cycle)
[1/31/2018 12:36:58 AM] [Info] [registered] /day (Rocket.Unturned.Commands.UnturnedCommands/day)
[1/31/2018 12:36:58 AM] [Info] [registered] /debug (Rocket.Unturned.Commands.UnturnedCommands/debug)
[1/31/2018 12:36:58 AM] [Info] [registered] /experience (Rocket.Unturned.Commands.UnturnedCommands/experience)
[1/31/2018 12:36:58 AM] [Info] [registered] /filter (Rocket.Unturned.Commands.UnturnedCommands/filter)
[1/31/2018 12:36:58 AM] [Info] [registered] /flag (Rocket.Unturned.Commands.UnturnedCommands/flag)
[1/31/2018 12:36:58 AM] [Info] [registered] /gamemode (Rocket.Unturned.Commands.UnturnedCommands/gamemode)
[1/31/2018 12:36:58 AM] [Info] [registered] /give (Rocket.Unturned.Commands.UnturnedCommands/give)
[1/31/2018 12:36:58 AM] [Info] [registered] /gold (Rocket.Unturned.Commands.UnturnedCommands/gold)
[1/31/2018 12:36:58 AM] [Info] [registered] /hide_admins (Rocket.Unturned.Commands.UnturnedCommands/hide_admins)
[1/31/2018 12:36:58 AM] [Info] [registered] /kick (Rocket.Unturned.Commands.UnturnedCommands/kick)
[1/31/2018 12:36:58 AM] [Info] [registered] /kill (Rocket.Unturned.Commands.UnturnedCommands/kill)
[1/31/2018 12:36:58 AM] [Info] [registered] /loadout (Rocket.Unturned.Commands.UnturnedCommands/loadout)
[1/31/2018 12:36:58 AM] [Info] [registered] /log (Rocket.Unturned.Commands.UnturnedCommands/log)
[1/31/2018 12:36:58 AM] [Info] [registered] /map (Rocket.Unturned.Commands.UnturnedCommands/map)
[1/31/2018 12:36:58 AM] [Info] [registered] /maxplayers (Rocket.Unturned.Commands.UnturnedCommands/maxplayers)
[1/31/2018 12:36:58 AM] [Info] [registered] /mode (Rocket.Unturned.Commands.UnturnedCommands/mode)
[1/31/2018 12:36:58 AM] [Info] [registered] /modules (Rocket.Unturned.Commands.UnturnedCommands/modules)
[1/31/2018 12:36:58 AM] [Info] [registered] /name (Rocket.Unturned.Commands.UnturnedCommands/name)
[1/31/2018 12:36:58 AM] [Info] [registered] /night (Rocket.Unturned.Commands.UnturnedCommands/night)
[1/31/2018 12:36:58 AM] [Info] [registered] /owner (Rocket.Unturned.Commands.UnturnedCommands/owner)
[1/31/2018 12:36:58 AM] [Info] [registered] /password (Rocket.Unturned.Commands.UnturnedCommands/password)
[1/31/2018 12:36:58 AM] [Info] [registered] /permit (Rocket.Unturned.Commands.UnturnedCommands/permit)
[1/31/2018 12:36:58 AM] [Info] [registered] /permits (Rocket.Unturned.Commands.UnturnedCommands/permits)
[1/31/2018 12:36:58 AM] [Info] [registered] /perspective (Rocket.Unturned.Commands.UnturnedCommands/perspective)
[1/31/2018 12:36:58 AM] [Info] [registered] /players (Rocket.Unturned.Commands.UnturnedCommands/players)
[1/31/2018 12:36:58 AM] [Info] [registered] /port (Rocket.Unturned.Commands.UnturnedCommands/port)
[1/31/2018 12:36:58 AM] [Info] [registered] /pve (Rocket.Unturned.Commands.UnturnedCommands/pve)
[1/31/2018 12:36:58 AM] [Info] [registered] /quest (Rocket.Unturned.Commands.UnturnedCommands/quest)
[1/31/2018 12:36:58 AM] [Info] [registered] /queue_size (Rocket.Unturned.Commands.UnturnedCommands/queue_size)
[1/31/2018 12:36:58 AM] [Info] [registered] /reputation (Rocket.Unturned.Commands.UnturnedCommands/reputation)
[1/31/2018 12:36:58 AM] [Info] [registered] /resetconfig (Rocket.Unturned.Commands.UnturnedCommands/resetconfig)
[1/31/2018 12:36:58 AM] [Info] [registered] /save (Rocket.Unturned.Commands.UnturnedCommands/save)
[1/31/2018 12:36:58 AM] [Info] [registered] /say (Rocket.Unturned.Commands.UnturnedCommands/say)
[1/31/2018 12:36:58 AM] [Info] [registered] /shutdown (Rocket.Unturned.Commands.UnturnedCommands/shutdown)
[1/31/2018 12:36:58 AM] [Info] [registered] /slay (Rocket.Unturned.Commands.UnturnedCommands/slay)
[1/31/2018 12:36:58 AM] [Info] [registered] /spy (Rocket.Unturned.Commands.UnturnedCommands/spy)
[1/31/2018 12:36:58 AM] [Info] [registered] /sync (Rocket.Unturned.Commands.UnturnedCommands/sync)
[1/31/2018 12:36:58 AM] [Info] [registered] /teleport (Rocket.Unturned.Commands.UnturnedCommands/teleport)
[1/31/2018 12:36:58 AM] [Info] [registered] /time (Rocket.Unturned.Commands.UnturnedCommands/time)
[1/31/2018 12:36:58 AM] [Info] [registered] /timeout (Rocket.Unturned.Commands.UnturnedCommands/timeout)
[1/31/2018 12:36:58 AM] [Info] [registered] /unban (Rocket.Unturned.Commands.UnturnedCommands/unban)
[1/31/2018 12:36:58 AM] [Info] [registered] /unpermit (Rocket.Unturned.Commands.UnturnedCommands/unpermit)
[1/31/2018 12:36:58 AM] [Info] [registered] /vehicle (Rocket.Unturned.Commands.UnturnedCommands/vehicle)
[1/31/2018 12:36:58 AM] [Info] [registered] /votify (Rocket.Unturned.Commands.UnturnedCommands/votify)
[1/31/2018 12:36:58 AM] [Info] [registered] /weather (Rocket.Unturned.Commands.UnturnedCommands/weather)
[1/31/2018 12:36:58 AM] [Info] [registered] /welcome (Rocket.Unturned.Commands.UnturnedCommands/welcome)
[1/31/2018 12:36:58 AM] [Info] [registered] /whitelisted (Rocket.Unturned.Commands.UnturnedCommands/whitelisted)
[1/31/2018 12:36:59 AM] [Info] [registered] /more (Rocket.Unturned.Commands.CommandMore/more)
[1/31/2018 12:36:59 AM] [Info] [registered] /admin (Rocket.Unturned.Commands.CommandAdmin/admin)
[1/31/2018 12:36:59 AM] [Info] [registered] /broadcast (Rocket.Unturned.Commands.CommandBroadcast/broadcast)
[1/31/2018 12:36:59 AM] [Info] [registered] /compass (Rocket.Unturned.Commands.CommandCompass/compass)
[1/31/2018 12:36:59 AM] [Info] [registered] /effect (Rocket.Unturned.Commands.CommandEffect/effect)
[1/31/2018 12:36:59 AM] [Info] [registered] /exit (Rocket.Unturned.Commands.CommandExit/exit)
[1/31/2018 12:36:59 AM] [Info] [registered] /god (Rocket.Unturned.Commands.CommandGod/god)
[1/31/2018 12:36:59 AM] [Info] [registered] /heal (Rocket.Unturned.Commands.CommandHeal/heal)
[1/31/2018 12:36:59 AM] [Info] [registered] /help (Rocket.Unturned.Commands.CommandHelp/help)
[1/31/2018 12:36:59 AM] [Info] [registered] /home (Rocket.Unturned.Commands.CommandHome/home)
[1/31/2018 12:36:59 AM] [Info] [registered] /i (Rocket.Unturned.Commands.CommandI/i)
[1/31/2018 12:36:59 AM] [Info] [registered] /item (Rocket.Unturned.Commands.CommandI/item)
[1/31/2018 12:36:59 AM] [Info] [registered] /investigate (Rocket.Unturned.Commands.CommandInvestigate/investigate)
[1/31/2018 12:36:59 AM] [Info] [registered] /p (Rocket.Unturned.Commands.CommandP/p)
[1/31/2018 12:36:59 AM] [Info] [registered] /permissions (Rocket.Unturned.Commands.CommandP/permissions)
[1/31/2018 12:36:59 AM] [Info] [registered] /rocket (Rocket.Unturned.Commands.CommandRocket/rocket)
[1/31/2018 12:36:59 AM] [Info] [registered] /tp (Rocket.Unturned.Commands.CommandTp/tp)
[1/31/2018 12:36:59 AM] [Info] [registered] /tphere (Rocket.Unturned.Commands.CommandTphere/tphere)
[1/31/2018 12:36:59 AM] [Info] [registered] /unadmin (Rocket.Unturned.Commands.CommandUnadmin/unadmin)
[1/31/2018 12:36:59 AM] [Info] [registered] /v (Rocket.Unturned.Commands.CommandV/v)
[1/31/2018 12:36:59 AM] [Info] [registered] /vanish (Rocket.Unturned.Commands.CommandVanish/vanish)
[1/31/2018 12:36:59 AM] [Info] Loading AdminWarnings from C:\Unturned server\game\Servers\mafia\Rocket\Plugins\AdminWarnings.dll
[1/31/2018 12:36:59 AM] [Info] Loading DeathMessagesRemastered from C:\Unturned server\game\Servers\mafia\Rocket\Plugins\DeathMessagesRemastered.dll
[1/31/2018 12:36:59 AM] [Info] Loading FeexExp from C:\Unturned server\game\Servers\mafia\Rocket\Plugins\FeexExp.dll
[1/31/2018 12:36:59 AM] [Info] Loading JoinLeaveMessages from C:\Unturned server\game\Servers\mafia\Rocket\Plugins\JoinLeaveMessages.dll
[1/31/2018 12:36:59 AM] [Info] Loading RocketMod_TPA from C:\Unturned server\game\Servers\mafia\Rocket\Plugins\RocketMod_TPA.dll
[1/31/2018 12:36:59 AM] [Info] Loading SimpleDeathMessages from C:\Unturned server\game\Servers\mafia\Rocket\Plugins\SimpleDeathMessages.dll
[1/31/2018 12:36:59 AM] [Info] Loading SmartSpawner from C:\Unturned server\game\Servers\mafia\Rocket\Plugins\SmartSpawner.dll
[1/31/2018 12:36:59 AM] [Info] Loading uEssentials from C:\Unturned server\game\Servers\mafia\Rocket\Plugins\uEssentials.dll
[1/31/2018 12:36:59 AM] [Info] Loading ZaupClearInventoryLib from C:\Unturned server\game\Servers\mafia\Rocket\Plugins\ZaupClearInventoryLib.dll
[1/31/2018 12:36:59 AM] [Info] Loading ZaupHomeCommand from C:\Unturned server\game\Servers\mafia\Rocket\Plugins\ZaupHomeCommand.dll
[1/31/2018 12:36:59 AM] [Info] 
[loading] AdminWarnings
[1/31/2018 12:36:59 AM] [Info] [registered] /removewarn (AdminWarnings.CommandRemoveWarn/removewarn)
[1/31/2018 12:36:59 AM] [Info] [registered] /warn (AdminWarnings.CommandWarn/warn)
[1/31/2018 12:36:59 AM] [Info] [registered] /warnings (AdminWarnings.CommandWarnings/warnings)
[1/31/2018 12:36:59 AM] [Info] [registered] /warns (AdminWarnings.CommandWarnings/warns)
[1/31/2018 12:36:59 AM] [Info] [registered] /clearwarninglogs (AdminWarnings.Commands.CommandClearWarningLogs/clearwarninglogs)
[1/31/2018 12:36:59 AM] [Info] AdminWarnings >> AdminWarnings has Loaded!
[1/31/2018 12:36:59 AM] [Info] 
[loading] DeathMessagesRemastered
[1/31/2018 12:36:59 AM] [Info] DeathMessagesRemastered >> Death Messages Remastered has been loaded!
[1/31/2018 12:36:59 AM] [Warning] --
[1/31/2018 12:36:59 AM] [Warning] Suicide messages are enabled!
[1/31/2018 12:36:59 AM] [Warning] Health warning messages are enabled!
[1/31/2018 12:36:59 AM] [Warning] Uconomy is enabled!
[1/31/2018 12:36:59 AM] [Warning] Experience is enabled!
[1/31/2018 12:36:59 AM] [Warning] --
[1/31/2018 12:36:59 AM] [Info] 
[loading] FeexExp
[1/31/2018 12:36:59 AM] [Info] [registered] /exp (Freenex.FeexExp.CommandExp/exp)
[1/31/2018 12:36:59 AM] [Info] FeexExp >> Freenex's FeexExp has been loaded!
[1/31/2018 12:36:59 AM] [Info] Adding UnturnedPlayerComponent: FeexExpPlayerComponent
[1/31/2018 12:36:59 AM] [Info] 
[loading] JoinLeaveMessages
[1/31/2018 12:36:59 AM] [Info] 
[loading] RocketMod_TPA
[1/31/2018 12:36:59 AM] [Info] [registered] /tpa (RocketMod_TPA.CommandTPA/tpa)
[1/31/2018 12:36:59 AM] [Warning] TPA by LeeIzaZombie, Version 1.7.0.2
[1/31/2018 12:36:59 AM] [Warning] ...
[1/31/2018 12:36:59 AM] [Warning] Current configuration:
[1/31/2018 12:36:59 AM] [Warning] ...
[1/31/2018 12:36:59 AM] [Warning] Cooldown TPA requests: disabled, Seconds: 20
[1/31/2018 12:36:59 AM] [Warning] Delay teleporting: disabled, Seconds: 10
[1/31/2018 12:36:59 AM] [Warning] Cancel teleport if bleeding: disabled
[1/31/2018 12:36:59 AM] [Warning] NinjaTP: disabled, EffectID: 45
[1/31/2018 12:36:59 AM] [Warning] [Delay] Cancel teleport if hurt: disabled
[1/31/2018 12:36:59 AM] [Warning] ...
[1/31/2018 12:36:59 AM] [Warning] Checking for problems:
[1/31/2018 12:36:59 AM] [Warning] No errors have been found!
[1/31/2018 12:36:59 AM] [Warning] ...
[1/31/2018 12:36:59 AM] [Warning] Always welcome to suggestions! If you find a bug, please report it!
[1/31/2018 12:36:59 AM] [Info] 
[loading] SimpleDeathMessages
[1/31/2018 12:36:59 AM] [Warning] [SimpleDeathMessages] Made by: Coolpuppy24
[1/31/2018 12:36:59 AM] [Warning] ------------------------------------------------------
[1/31/2018 12:36:59 AM] [Warning] [SimpleDeathMessages] Death Message Color: Red
[1/31/2018 12:36:59 AM] [Warning] [SimpleDeathMessages] Show Suicide Messages: True
[1/31/2018 12:36:59 AM] [Info] SimpleDeathMessages >> Successfully Loaded!
[1/31/2018 12:36:59 AM] [Info] 
[loading] SmartSpawner
[1/31/2018 12:36:59 AM] [Info] [registered] /ss (SmartSpawner.SmartSpawner/ss)
[1/31/2018 12:36:59 AM] [Info] 
[loading] uEssentials
[1/31/2018 12:36:59 AM] [Info] 
[loading] ZaupClearInventoryLib
[1/31/2018 12:36:59 AM] [Info] [registered] /ci (ZaupClearInventoryLib.CommandCi/ci)
[1/31/2018 12:36:59 AM] [Info] [registered] /clearinventory (ZaupClearInventoryLib.CommandCi/clearinventory)
[1/31/2018 12:36:59 AM] [Info] [registered] /cleari (ZaupClearInventoryLib.CommandCi/cleari)
[1/31/2018 12:37:00 AM] [Info] 
[loading] ZaupHomeCommand
[1/31/2018 12:37:00 AM] [Info] Other mapping to: Rocket.Unturned.Commands.CommandHome/home / ZaupHomeCommand.CommandHome/home
[1/31/2018 12:37:00 AM] [Info] [registered] /home (ZaupHomeCommand.CommandHome/home)
[1/31/2018 12:37:00 AM] [Info] Adding UnturnedPlayerComponent: HomePlayer
[1/31/2018 12:37:00 AM] [Info] This server will automatically save every 1800 seconds
[1/31/2018 12:37:00 AM] [Info] Steam servers ready!
[1/31/2018 12:37:00 AM] [Info] Workshop install folder: C:\Unturned server\game/Servers/mafia/Workshop/Steam
[1/31/2018 12:37:00 AM] [Info] Downloading 0 workshop items...
[1/31/2018 12:37:00 AM] [Info] General: Survival
[1/31/2018 12:37:00 AM] [Info] Loading level: 8%
[1/31/2018 12:37:02 AM] [Info] Loading level: 16%
[1/31/2018 12:37:02 AM] [Info] Loading level: 25%
[1/31/2018 12:37:02 AM] [Info] Loading level: 33%
[1/31/2018 12:37:02 AM] [Info] Loading level: 41%
[1/31/2018 12:37:02 AM] [Info] Loading level: 50%
[1/31/2018 12:37:02 AM] [Info] Loading level: 58%
[1/31/2018 12:37:02 AM] [Info] Loading level: 66%
[1/31/2018 12:37:02 AM] [Info] Loading level: 75%
[1/31/2018 12:37:02 AM] [Info] Loading level: 83%
[1/31/2018 12:37:02 AM] [Info] Loading level: 91%
[1/31/2018 12:37:02 AM] [Info] Loading level: 100%
