[1/31/2018 4:27:26 AM] [Info] [registered] /admins (Rocket.Unturned.Commands.UnturnedCommands/admins)
[1/31/2018 4:27:26 AM] [Info] [registered] /airdrop (Rocket.Unturned.Commands.UnturnedCommands/airdrop)
[1/31/2018 4:27:26 AM] [Info] [registered] /animal (Rocket.Unturned.Commands.UnturnedCommands/animal)
[1/31/2018 4:27:26 AM] [Info] [registered] /bans (Rocket.Unturned.Commands.UnturnedCommands/bans)
[1/31/2018 4:27:26 AM] [Info] [registered] /bind (Rocket.Unturned.Commands.UnturnedCommands/bind)
[1/31/2018 4:27:26 AM] [Info] [registered] /chatrate (Rocket.Unturned.Commands.UnturnedCommands/chatrate)
[1/31/2018 4:27:26 AM] [Info] [registered] /cheats (Rocket.Unturned.Commands.UnturnedCommands/cheats)
[1/31/2018 4:27:26 AM] [Info] [registered] /cycle (Rocket.Unturned.Commands.UnturnedCommands/cycle)
[1/31/2018 4:27:26 AM] [Info] [registered] /day (Rocket.Unturned.Commands.UnturnedCommands/day)
[1/31/2018 4:27:26 AM] [Info] [registered] /debug (Rocket.Unturned.Commands.UnturnedCommands/debug)
[1/31/2018 4:27:26 AM] [Info] [registered] /experience (Rocket.Unturned.Commands.UnturnedCommands/experience)
[1/31/2018 4:27:26 AM] [Info] [registered] /filter (Rocket.Unturned.Commands.UnturnedCommands/filter)
[1/31/2018 4:27:26 AM] [Info] [registered] /flag (Rocket.Unturned.Commands.UnturnedCommands/flag)
[1/31/2018 4:27:26 AM] [Info] [registered] /gamemode (Rocket.Unturned.Commands.UnturnedCommands/gamemode)
[1/31/2018 4:27:26 AM] [Info] [registered] /give (Rocket.Unturned.Commands.UnturnedCommands/give)
[1/31/2018 4:27:26 AM] [Info] [registered] /gold (Rocket.Unturned.Commands.UnturnedCommands/gold)
[1/31/2018 4:27:26 AM] [Info] [registered] /hide_admins (Rocket.Unturned.Commands.UnturnedCommands/hide_admins)
[1/31/2018 4:27:26 AM] [Info] [registered] /kill (Rocket.Unturned.Commands.UnturnedCommands/kill)
[1/31/2018 4:27:27 AM] [Info] [registered] /loadout (Rocket.Unturned.Commands.UnturnedCommands/loadout)
[1/31/2018 4:27:27 AM] [Info] [registered] /log (Rocket.Unturned.Commands.UnturnedCommands/log)
[1/31/2018 4:27:27 AM] [Info] [registered] /map (Rocket.Unturned.Commands.UnturnedCommands/map)
[1/31/2018 4:27:27 AM] [Info] [registered] /maxplayers (Rocket.Unturned.Commands.UnturnedCommands/maxplayers)
[1/31/2018 4:27:27 AM] [Info] [registered] /mode (Rocket.Unturned.Commands.UnturnedCommands/mode)
[1/31/2018 4:27:27 AM] [Info] [registered] /modules (Rocket.Unturned.Commands.UnturnedCommands/modules)
[1/31/2018 4:27:27 AM] [Info] [registered] /name (Rocket.Unturned.Commands.UnturnedCommands/name)
[1/31/2018 4:27:27 AM] [Info] [registered] /night (Rocket.Unturned.Commands.UnturnedCommands/night)
[1/31/2018 4:27:27 AM] [Info] [registered] /owner (Rocket.Unturned.Commands.UnturnedCommands/owner)
[1/31/2018 4:27:27 AM] [Info] [registered] /password (Rocket.Unturned.Commands.UnturnedCommands/password)
[1/31/2018 4:27:27 AM] [Info] [registered] /permit (Rocket.Unturned.Commands.UnturnedCommands/permit)
[1/31/2018 4:27:27 AM] [Info] [registered] /permits (Rocket.Unturned.Commands.UnturnedCommands/permits)
[1/31/2018 4:27:27 AM] [Info] [registered] /perspective (Rocket.Unturned.Commands.UnturnedCommands/perspective)
[1/31/2018 4:27:27 AM] [Info] [registered] /players (Rocket.Unturned.Commands.UnturnedCommands/players)
[1/31/2018 4:27:27 AM] [Info] [registered] /port (Rocket.Unturned.Commands.UnturnedCommands/port)
[1/31/2018 4:27:27 AM] [Info] [registered] /pve (Rocket.Unturned.Commands.UnturnedCommands/pve)
[1/31/2018 4:27:27 AM] [Info] [registered] /quest (Rocket.Unturned.Commands.UnturnedCommands/quest)
[1/31/2018 4:27:27 AM] [Info] [registered] /queue_size (Rocket.Unturned.Commands.UnturnedCommands/queue_size)
[1/31/2018 4:27:27 AM] [Info] [registered] /reputation (Rocket.Unturned.Commands.UnturnedCommands/reputation)
[1/31/2018 4:27:27 AM] [Info] [registered] /resetconfig (Rocket.Unturned.Commands.UnturnedCommands/resetconfig)
[1/31/2018 4:27:27 AM] [Info] [registered] /save (Rocket.Unturned.Commands.UnturnedCommands/save)
[1/31/2018 4:27:27 AM] [Info] [registered] /say (Rocket.Unturned.Commands.UnturnedCommands/say)
[1/31/2018 4:27:27 AM] [Info] [registered] /shutdown (Rocket.Unturned.Commands.UnturnedCommands/shutdown)
[1/31/2018 4:27:27 AM] [Info] [registered] /spy (Rocket.Unturned.Commands.UnturnedCommands/spy)
[1/31/2018 4:27:27 AM] [Info] [registered] /sync (Rocket.Unturned.Commands.UnturnedCommands/sync)
[1/31/2018 4:27:27 AM] [Info] [registered] /teleport (Rocket.Unturned.Commands.UnturnedCommands/teleport)
[1/31/2018 4:27:27 AM] [Info] [registered] /time (Rocket.Unturned.Commands.UnturnedCommands/time)
[1/31/2018 4:27:27 AM] [Info] [registered] /timeout (Rocket.Unturned.Commands.UnturnedCommands/timeout)
[1/31/2018 4:27:27 AM] [Info] [registered] /unpermit (Rocket.Unturned.Commands.UnturnedCommands/unpermit)
[1/31/2018 4:27:27 AM] [Info] [registered] /vehicle (Rocket.Unturned.Commands.UnturnedCommands/vehicle)
[1/31/2018 4:27:27 AM] [Info] [registered] /votify (Rocket.Unturned.Commands.UnturnedCommands/votify)
[1/31/2018 4:27:27 AM] [Info] [registered] /weather (Rocket.Unturned.Commands.UnturnedCommands/weather)
[1/31/2018 4:27:27 AM] [Info] [registered] /welcome (Rocket.Unturned.Commands.UnturnedCommands/welcome)
[1/31/2018 4:27:27 AM] [Info] [registered] /whitelisted (Rocket.Unturned.Commands.UnturnedCommands/whitelisted)
[1/31/2018 4:27:27 AM] [Info] [registered] /more (Rocket.Unturned.Commands.CommandMore/more)
[1/31/2018 4:27:27 AM] [Info] [registered] /admin (Rocket.Unturned.Commands.CommandAdmin/admin)
[1/31/2018 4:27:27 AM] [Info] [registered] /broadcast (Rocket.Unturned.Commands.CommandBroadcast/broadcast)
[1/31/2018 4:27:27 AM] [Info] [registered] /compass (Rocket.Unturned.Commands.CommandCompass/compass)
[1/31/2018 4:27:27 AM] [Info] [registered] /effect (Rocket.Unturned.Commands.CommandEffect/effect)
[1/31/2018 4:27:27 AM] [Info] [registered] /exit (Rocket.Unturned.Commands.CommandExit/exit)
[1/31/2018 4:27:27 AM] [Info] [registered] /god (Rocket.Unturned.Commands.CommandGod/god)
[1/31/2018 4:27:27 AM] [Info] [registered] /heal (Rocket.Unturned.Commands.CommandHeal/heal)
[1/31/2018 4:27:27 AM] [Info] [registered] /help (Rocket.Unturned.Commands.CommandHelp/help)
[1/31/2018 4:27:27 AM] [Info] [registered] /tphome (Rocket.Unturned.Commands.CommandHome/home)
[1/31/2018 4:27:27 AM] [Info] [registered] /i (Rocket.Unturned.Commands.CommandI/i)
[1/31/2018 4:27:27 AM] [Info] [registered] /item (Rocket.Unturned.Commands.CommandI/item)
[1/31/2018 4:27:27 AM] [Info] [registered] /p (Rocket.Unturned.Commands.CommandP/p)
[1/31/2018 4:27:27 AM] [Info] [registered] /permissions (Rocket.Unturned.Commands.CommandP/permissions)
[1/31/2018 4:27:27 AM] [Info] [registered] /rocket (Rocket.Unturned.Commands.CommandRocket/rocket)
[1/31/2018 4:27:27 AM] [Info] [registered] /tp (Rocket.Unturned.Commands.CommandTp/tp)
[1/31/2018 4:27:27 AM] [Info] [registered] /tphere (Rocket.Unturned.Commands.CommandTphere/tphere)
[1/31/2018 4:27:27 AM] [Info] [registered] /unadmin (Rocket.Unturned.Commands.CommandUnadmin/unadmin)
[1/31/2018 4:27:27 AM] [Info] [registered] /v (Rocket.Unturned.Commands.CommandV/v)
[1/31/2018 4:27:27 AM] [Info] [registered] /vanish (Rocket.Unturned.Commands.CommandVanish/vanish)
[1/31/2018 4:27:28 AM] [Info] Loading AdminChat from C:\Unturned server\game\Servers\mafia\Rocket\Plugins\AdminChat.dll
[1/31/2018 4:27:28 AM] [Info] Loading AdminWarnings from C:\Unturned server\game\Servers\mafia\Rocket\Plugins\AdminWarnings.dll
[1/31/2018 4:27:28 AM] [Info] Loading DeathMessagesRemastered from C:\Unturned server\game\Servers\mafia\Rocket\Plugins\DeathMessagesRemastered.dll
[1/31/2018 4:27:28 AM] [Info] Loading FeexExp from C:\Unturned server\game\Servers\mafia\Rocket\Plugins\FeexExp.dll
[1/31/2018 4:27:28 AM] [Info] Loading FeexRanks from C:\Unturned server\game\Servers\mafia\Rocket\Plugins\FeexRanks.dll
[1/31/2018 4:27:28 AM] [Info] Loading JoinLeaveMessages from C:\Unturned server\game\Servers\mafia\Rocket\Plugins\JoinLeaveMessages.dll
[1/31/2018 4:27:28 AM] [Info] Loading Kits from C:\Unturned server\game\Servers\mafia\Rocket\Plugins\Kits.dll
[1/31/2018 4:27:28 AM] [Info] Loading MessageAnnouncer from C:\Unturned server\game\Servers\mafia\Rocket\Plugins\MessageAnnouncer.dll
[1/31/2018 4:27:28 AM] [Info] Loading RocketMod_TPA from C:\Unturned server\game\Servers\mafia\Rocket\Plugins\RocketMod_TPA.dll
[1/31/2018 4:27:28 AM] [Info] Loading SmartSpawner from C:\Unturned server\game\Servers\mafia\Rocket\Plugins\SmartSpawner.dll
[1/31/2018 4:27:28 AM] [Info] Loading Uconomy from C:\Unturned server\game\Servers\mafia\Rocket\Plugins\Uconomy.dll
[1/31/2018 4:27:28 AM] [Info] Loading ZaupClearInventoryLib from C:\Unturned server\game\Servers\mafia\Rocket\Plugins\ZaupClearInventoryLib.dll
[1/31/2018 4:27:29 AM] [Info] Loading ZaupFeast from C:\Unturned server\game\Servers\mafia\Rocket\Plugins\ZaupFeast.dll
[1/31/2018 4:27:29 AM] [Info] 
[loading] AdminChat
[1/31/2018 4:27:29 AM] [Info] [registered] /adminchat (AdminChat.CommandAdminChat/AdminChat)
[1/31/2018 4:27:29 AM] [Info] [registered] /ac (AdminChat.CommandAdminChat/ac)
[1/31/2018 4:27:29 AM] [Warning] AdminChat by Anomoly :)
[1/31/2018 4:27:29 AM] [Warning] Current Version: 8
[1/31/2018 4:27:29 AM] [Warning] Something wrong? Join my Discord for support discord.gg/4Fq2Spe
[1/31/2018 4:27:29 AM] [Info] 
[loading] AdminWarnings
[1/31/2018 4:27:29 AM] [Info] [registered] /removewarn (AdminWarnings.CommandRemoveWarn/removewarn)
[1/31/2018 4:27:29 AM] [Info] [registered] /warn (AdminWarnings.CommandWarn/warn)
[1/31/2018 4:27:29 AM] [Info] [registered] /warnings (AdminWarnings.CommandWarnings/warnings)
[1/31/2018 4:27:29 AM] [Info] [registered] /warns (AdminWarnings.CommandWarnings/warns)
[1/31/2018 4:27:29 AM] [Info] [registered] /clearwarninglogs (AdminWarnings.Commands.CommandClearWarningLogs/clearwarninglogs)
[1/31/2018 4:27:29 AM] [Info] AdminWarnings >> AdminWarnings has Loaded!
[1/31/2018 4:27:29 AM] [Info] 
[loading] DeathMessagesRemastered
[1/31/2018 4:27:29 AM] [Info] DeathMessagesRemastered >> Death Messages Remastered has been loaded!
[1/31/2018 4:27:29 AM] [Warning] --
[1/31/2018 4:27:29 AM] [Warning] Suicide messages are enabled!
[1/31/2018 4:27:29 AM] [Warning] Health warning messages are enabled!
[1/31/2018 4:27:29 AM] [Warning] Uconomy is enabled!
[1/31/2018 4:27:29 AM] [Warning] Experience is enabled!
[1/31/2018 4:27:29 AM] [Warning] --
[1/31/2018 4:27:29 AM] [Info] 
[loading] FeexExp
[1/31/2018 4:27:29 AM] [Info] [registered] /exp (Freenex.FeexExp.CommandExp/exp)
[1/31/2018 4:27:29 AM] [Info] FeexExp >> Freenex's FeexExp has been loaded!
[1/31/2018 4:27:29 AM] [Info] Adding UnturnedPlayerComponent: FeexExpPlayerComponent
[1/31/2018 4:27:29 AM] [Info] 
[loading] FeexRanks
[1/31/2018 4:27:29 AM] [Info] [registered] /list (Freenex.FeexRanks.CommandList/list)
[1/31/2018 4:27:29 AM] [Info] [registered] /points (Freenex.FeexRanks.CommandPoints/points)
[1/31/2018 4:27:29 AM] [Info] [registered] /rank (Freenex.FeexRanks.CommandRank/rank)
[1/31/2018 4:27:30 AM] [Info] FeexRanks >> Freenex's FeexRanks has been loaded!
[1/31/2018 4:27:30 AM] [Info] 
[loading] JoinLeaveMessages
[1/31/2018 4:27:30 AM] [Info] 
[loading] Kits
[1/31/2018 4:27:30 AM] [Info] [registered] /kits (fr34kyn01535.Kits.CommandKits/kits)
[1/31/2018 4:27:30 AM] [Info] [registered] /kit (fr34kyn01535.Kits.CommandKit/kit)
[1/31/2018 4:27:30 AM] [Info] Kits >> Optional dependency Uconomy is not present.
[1/31/2018 4:27:30 AM] [Info] 
[loading] MessageAnnouncer
[1/31/2018 4:27:30 AM] [Info] MessageAnnouncer >> Load
[1/31/2018 4:27:30 AM] [Info] [registered] /reglas (fr34kyn01535.MessageAnnouncer.RocketTextCommand/Reglas)
[1/31/2018 4:27:30 AM] [Info] [registered] /reglas (fr34kyn01535.MessageAnnouncer.RocketTextCommand/Reglas)
[1/31/2018 4:27:30 AM] [Info] 
[loading] RocketMod_TPA
[1/31/2018 4:27:30 AM] [Info] [registered] /tpa (RocketMod_TPA.CommandTPA/tpa)
[1/31/2018 4:27:30 AM] [Warning] TPA by LeeIzaZombie, Version 1.7.0.2
[1/31/2018 4:27:30 AM] [Warning] ...
[1/31/2018 4:27:30 AM] [Warning] Current configuration:
[1/31/2018 4:27:30 AM] [Warning] ...
[1/31/2018 4:27:30 AM] [Warning] Cooldown TPA requests: enabled, Seconds: 20
[1/31/2018 4:27:30 AM] [Warning] Delay teleporting: enabled, Seconds: 7
[1/31/2018 4:27:30 AM] [Warning] Cancel teleport if bleeding: disabled
[1/31/2018 4:27:30 AM] [Warning] NinjaTP: disabled, EffectID: 0
[1/31/2018 4:27:30 AM] [Warning] [Delay] Cancel teleport if hurt: enabled
[1/31/2018 4:27:30 AM] [Warning] ...
[1/31/2018 4:27:30 AM] [Warning] Checking for problems:
[1/31/2018 4:27:30 AM] [Warning] No errors have been found!
[1/31/2018 4:27:30 AM] [Warning] ...
[1/31/2018 4:27:30 AM] [Warning] Always welcome to suggestions! If you find a bug, please report it!
[1/31/2018 4:27:30 AM] [Info] 
[loading] SmartSpawner
[1/31/2018 4:27:30 AM] [Info] [registered] /ss (SmartSpawner.SmartSpawner/ss)
[1/31/2018 4:27:30 AM] [Info] 
[loading] Uconomy
[1/31/2018 4:27:30 AM] [Info] [registered] /balance (fr34kyn01535.Uconomy.CommandBalance/balance)
[1/31/2018 4:27:30 AM] [Info] [registered] /pay (fr34kyn01535.Uconomy.CommandPay/pay)
[1/31/2018 4:27:30 AM] [Info] 
[loading] ZaupClearInventoryLib
[1/31/2018 4:27:30 AM] [Info] [registered] /ci (ZaupClearInventoryLib.CommandCi/ci)
[1/31/2018 4:27:30 AM] [Info] [registered] /clearinventory (ZaupClearInventoryLib.CommandCi/clearinventory)
[1/31/2018 4:27:30 AM] [Info] [registered] /cleari (ZaupClearInventoryLib.CommandCi/cleari)
[1/31/2018 4:27:30 AM] [Info] 
[loading] ZaupFeast
[1/31/2018 4:27:30 AM] [Info] [registered] /runfeast (ZaupFeast.CommandRunFeast/runfeast)
[1/31/2018 4:27:30 AM] [Info] [registered] /frun (ZaupFeast.CommandRunFeast/frun)
[1/31/2018 4:27:30 AM] [Info] This server will automatically save every 60 seconds
[1/31/2018 4:27:30 AM] [Info] MessageAnnouncer >> Broadcast: Se amable con quienes no tienen armas.
[1/31/2018 4:27:30 AM] [Info] MessageAnnouncer >> Se amable con quienes no tienen armas.
[1/31/2018 4:27:30 AM] [Info] Steam servers ready!
[1/31/2018 4:27:30 AM] [Info] Workshop install folder: C:\Unturned server\game/Servers/mafia/Workshop/Steam
[1/31/2018 4:27:30 AM] [Info] Downloading 0 workshop items...
[1/31/2018 4:27:30 AM] [Info] General: Survival
[1/31/2018 4:27:31 AM] [Info] Loading level: 8%
[1/31/2018 4:27:31 AM] [Info] ZaupFeast >> The next feast will be at Cape Rock at 1/31/2018 4:42:31 AM
[1/31/2018 4:27:32 AM] [Info] Loading level: 16%
[1/31/2018 4:27:32 AM] [Info] Loading level: 25%
[1/31/2018 4:27:32 AM] [Info] Loading level: 33%
[1/31/2018 4:27:32 AM] [Info] Loading level: 41%
[1/31/2018 4:27:32 AM] [Info] Loading level: 50%
[1/31/2018 4:27:32 AM] [Info] Loading level: 58%
[1/31/2018 4:27:32 AM] [Info] Loading level: 66%
[1/31/2018 4:27:32 AM] [Info] Loading level: 75%
[1/31/2018 4:27:32 AM] [Info] Loading level: 83%
[1/31/2018 4:27:32 AM] [Info] Loading level: 91%
[1/31/2018 4:27:32 AM] [Info] Loading level: 100%
[1/31/2018 4:28:30 AM] [Info] Saving server
[1/31/2018 4:29:10 AM] [Info] MessageAnnouncer >> Broadcast: RANGOS DISPONIBLES EN TS!! mafiainc.izi.cl
[1/31/2018 4:29:10 AM] [Info] MessageAnnouncer >> RANGOS DISPONIBLES EN TS!! mafiainc.izi.cl
[1/31/2018 4:29:30 AM] [Info] Saving server
[1/31/2018 4:29:46 AM] [Info] Connecting: PlayerID: 76561198021210177 Name: 'elpraaah Character: Elprah
[1/31/2018 4:29:46 AM] [Info] FeexRanks >> Broadcast: [Associato] Elprah (0 puntos, posicion 1) se ha conectado al server.
[1/31/2018 4:29:51 AM] [Info] Broadcast: djskf
[1/31/2018 4:29:52 AM] [Info] [World] Elprah ['elpraaah]: "/kits"
[1/31/2018 4:29:58 AM] [Info] DeathMessagesRemastered >> Broadcast: Elprah se suicidó! rip in peace. PIERDE $4000 COMO PENALIZACION
[1/31/2018 4:29:58 AM] [Info] Elprah ['elpraaah] killed themself.
[1/31/2018 4:30:07 AM] [Info] Broadcast: slkdjf
[1/31/2018 4:30:11 AM] [Info] Unloading DeathMessagesRemastered
[1/31/2018 4:30:12 AM] [Info] 
[unloading] DeathMessagesRemastered
[1/31/2018 4:30:16 AM] [Info] Broadcast: jsdf
[1/31/2018 4:30:17 AM] [Info] Elprah ['elpraaah] killed themself.
[1/31/2018 4:30:28 AM] [Info] Disconnecting: PlayerID: 76561198021210177 Name: 'elpraaah Character: Elprah
[1/31/2018 4:30:31 AM] [Info] Saving server
[1/31/2018 4:30:36 AM] [Info] Loading DeathMessagesRemastered
[1/31/2018 4:30:36 AM] [Info] 
[loading] DeathMessagesRemastered
[1/31/2018 4:30:36 AM] [Info] DeathMessagesRemastered >> Death Messages Remastered has been loaded!
[1/31/2018 4:30:36 AM] [Warning] --
[1/31/2018 4:30:36 AM] [Warning] Suicide messages are enabled!
[1/31/2018 4:30:36 AM] [Warning] Health warning messages are enabled!
[1/31/2018 4:30:36 AM] [Warning] Uconomy is enabled!
[1/31/2018 4:30:36 AM] [Warning] Experience is enabled!
[1/31/2018 4:30:36 AM] [Warning] --
[1/31/2018 4:30:50 AM] [Info] MessageAnnouncer >> Broadcast: Bienvenido a Mafia Inc. Disfruta tu estadia♥
[1/31/2018 4:30:50 AM] [Info] MessageAnnouncer >> Bienvenido a Mafia Inc. Disfruta tu estadia♥
[1/31/2018 4:31:31 AM] [Info] Saving server
[1/31/2018 4:32:30 AM] [Info] MessageAnnouncer >> Broadcast: Puedes ver la IP de nuestro servidor de ts3 con el comando /ts
[1/31/2018 4:32:30 AM] [Info] MessageAnnouncer >> Puedes ver la IP de nuestro servidor de ts3 con el comando /ts
[1/31/2018 4:32:31 AM] [Info] Saving server
[1/31/2018 4:33:31 AM] [Info] Saving server
[1/31/2018 4:33:41 AM] [Info] Unloading RocketMod_TPA
[1/31/2018 4:33:41 AM] [Info] 
[unloading] RocketMod_TPA
[1/31/2018 4:33:47 AM] [Info] Successfully saved the game.
[1/31/2018 4:33:52 AM] [Info] The plugin RocketMod_TPA is not loaded
[1/31/2018 4:33:55 AM] [Info] Reloading Rocket
[1/31/2018 4:33:55 AM] [Info] 
[unloading] ZaupFeast
[1/31/2018 4:33:55 AM] [Info] 
[unloading] ZaupClearInventoryLib
[1/31/2018 4:33:55 AM] [Info] 
[unloading] Uconomy
[1/31/2018 4:33:55 AM] [Info] 
[unloading] SmartSpawner
[1/31/2018 4:33:55 AM] [Info] 
[unloading] RocketMod_TPA
[1/31/2018 4:33:55 AM] [Info] 
[unloading] MessageAnnouncer
[1/31/2018 4:33:55 AM] [Info] MessageAnnouncer >> Unload
[1/31/2018 4:33:55 AM] [Info] 
[unloading] Kits
[1/31/2018 4:33:55 AM] [Info] 
[unloading] JoinLeaveMessages
[1/31/2018 4:33:55 AM] [Info] 
[unloading] FeexRanks
[1/31/2018 4:33:55 AM] [Info] FeexRanks >> Freenex's FeexRanks has been unloaded!
[1/31/2018 4:33:55 AM] [Info] 
[unloading] FeexExp
[1/31/2018 4:33:55 AM] [Info] FeexExp >> Freenex's FeexExp has been unloaded!
[1/31/2018 4:33:55 AM] [Info] 
[unloading] DeathMessagesRemastered
[1/31/2018 4:33:55 AM] [Info] 
[unloading] AdminWarnings
[1/31/2018 4:33:55 AM] [Info] AdminWarnings >> AdminWarnings has Unloaded!
[1/31/2018 4:33:55 AM] [Info] 
[unloading] AdminChat
[1/31/2018 4:33:56 AM] [Info] Loading AdminChat from C:\Unturned server\game\Servers\mafia\Rocket\Plugins\AdminChat.dll
[1/31/2018 4:33:56 AM] [Info] Loading AdminWarnings from C:\Unturned server\game\Servers\mafia\Rocket\Plugins\AdminWarnings.dll
[1/31/2018 4:33:56 AM] [Info] Loading DeathMessagesRemastered from C:\Unturned server\game\Servers\mafia\Rocket\Plugins\DeathMessagesRemastered.dll
[1/31/2018 4:33:56 AM] [Info] Loading FeexExp from C:\Unturned server\game\Servers\mafia\Rocket\Plugins\FeexExp.dll
[1/31/2018 4:33:56 AM] [Info] Loading FeexRanks from C:\Unturned server\game\Servers\mafia\Rocket\Plugins\FeexRanks.dll
[1/31/2018 4:33:56 AM] [Info] Loading JoinLeaveMessages from C:\Unturned server\game\Servers\mafia\Rocket\Plugins\JoinLeaveMessages.dll
[1/31/2018 4:33:56 AM] [Info] Loading Kits from C:\Unturned server\game\Servers\mafia\Rocket\Plugins\Kits.dll
[1/31/2018 4:33:56 AM] [Info] Loading MessageAnnouncer from C:\Unturned server\game\Servers\mafia\Rocket\Plugins\MessageAnnouncer.dll
[1/31/2018 4:33:56 AM] [Info] Loading RocketMod_TPA from C:\Unturned server\game\Servers\mafia\Rocket\Plugins\RocketMod_TPA.dll
[1/31/2018 4:33:56 AM] [Info] Loading SmartSpawner from C:\Unturned server\game\Servers\mafia\Rocket\Plugins\SmartSpawner.dll
[1/31/2018 4:33:56 AM] [Info] Loading Uconomy from C:\Unturned server\game\Servers\mafia\Rocket\Plugins\Uconomy.dll
[1/31/2018 4:33:56 AM] [Info] Loading ZaupClearInventoryLib from C:\Unturned server\game\Servers\mafia\Rocket\Plugins\ZaupClearInventoryLib.dll
[1/31/2018 4:33:56 AM] [Info] Loading ZaupFeast from C:\Unturned server\game\Servers\mafia\Rocket\Plugins\ZaupFeast.dll
[1/31/2018 4:33:56 AM] [Info] 
[loading] AdminChat
[1/31/2018 4:33:56 AM] [Info] [registered] /adminchat (AdminChat.CommandAdminChat/AdminChat)
[1/31/2018 4:33:56 AM] [Info] [registered] /ac (AdminChat.CommandAdminChat/ac)
[1/31/2018 4:33:56 AM] [Warning] AdminChat by Anomoly :)
[1/31/2018 4:33:56 AM] [Warning] Current Version: 8
[1/31/2018 4:33:56 AM] [Warning] Something wrong? Join my Discord for support discord.gg/4Fq2Spe
[1/31/2018 4:33:56 AM] [Info] 
[loading] AdminWarnings
[1/31/2018 4:33:56 AM] [Info] [registered] /removewarn (AdminWarnings.CommandRemoveWarn/removewarn)
[1/31/2018 4:33:57 AM] [Info] [registered] /warn (AdminWarnings.CommandWarn/warn)
[1/31/2018 4:33:57 AM] [Info] [registered] /warnings (AdminWarnings.CommandWarnings/warnings)
[1/31/2018 4:33:57 AM] [Info] [registered] /warns (AdminWarnings.CommandWarnings/warns)
[1/31/2018 4:33:57 AM] [Info] [registered] /clearwarninglogs (AdminWarnings.Commands.CommandClearWarningLogs/clearwarninglogs)
[1/31/2018 4:33:57 AM] [Info] AdminWarnings >> AdminWarnings has Loaded!
[1/31/2018 4:33:57 AM] [Info] 
[loading] DeathMessagesRemastered
[1/31/2018 4:33:57 AM] [Info] DeathMessagesRemastered >> Death Messages Remastered has been loaded!
[1/31/2018 4:33:57 AM] [Warning] --
[1/31/2018 4:33:57 AM] [Warning] Suicide messages are enabled!
[1/31/2018 4:33:57 AM] [Warning] Health warning messages are enabled!
[1/31/2018 4:33:57 AM] [Warning] Uconomy is enabled!
[1/31/2018 4:33:57 AM] [Warning] Experience is enabled!
[1/31/2018 4:33:57 AM] [Warning] --
[1/31/2018 4:33:57 AM] [Info] 
[loading] FeexExp
[1/31/2018 4:33:57 AM] [Info] [registered] /exp (Freenex.FeexExp.CommandExp/exp)
[1/31/2018 4:33:57 AM] [Info] FeexExp >> Freenex's FeexExp has been loaded!
[1/31/2018 4:33:57 AM] [Info] Adding UnturnedPlayerComponent: FeexExpPlayerComponent
[1/31/2018 4:33:57 AM] [Info] 
[loading] FeexRanks
[1/31/2018 4:33:57 AM] [Info] [registered] /list (Freenex.FeexRanks.CommandList/list)
[1/31/2018 4:33:57 AM] [Info] [registered] /points (Freenex.FeexRanks.CommandPoints/points)
[1/31/2018 4:33:57 AM] [Info] [registered] /rank (Freenex.FeexRanks.CommandRank/rank)
[1/31/2018 4:33:58 AM] [Info] FeexRanks >> Freenex's FeexRanks has been loaded!
[1/31/2018 4:33:58 AM] [Info] 
[loading] JoinLeaveMessages
[1/31/2018 4:33:58 AM] [Info] 
[loading] Kits
[1/31/2018 4:33:58 AM] [Info] [registered] /kits (fr34kyn01535.Kits.CommandKits/kits)
[1/31/2018 4:33:58 AM] [Info] [registered] /kit (fr34kyn01535.Kits.CommandKit/kit)
[1/31/2018 4:33:58 AM] [Info] Kits >> Optional dependency Uconomy is not present.
[1/31/2018 4:33:58 AM] [Info] 
[loading] MessageAnnouncer
[1/31/2018 4:33:58 AM] [Info] MessageAnnouncer >> Load
[1/31/2018 4:33:58 AM] [Info] [registered] /reglas (fr34kyn01535.MessageAnnouncer.RocketTextCommand/Reglas)
[1/31/2018 4:33:58 AM] [Info] [registered] /reglas (fr34kyn01535.MessageAnnouncer.RocketTextCommand/Reglas)
[1/31/2018 4:33:58 AM] [Info] 
[loading] RocketMod_TPA
[1/31/2018 4:33:58 AM] [Info] [registered] /tpa (RocketMod_TPA.CommandTPA/tpa)
[1/31/2018 4:33:58 AM] [Warning] TPA by LeeIzaZombie, Version 1.7.0.2
[1/31/2018 4:33:58 AM] [Warning] ...
[1/31/2018 4:33:58 AM] [Warning] Current configuration:
[1/31/2018 4:33:58 AM] [Warning] ...
[1/31/2018 4:33:58 AM] [Warning] Cooldown TPA requests: enabled, Seconds: 20
[1/31/2018 4:33:58 AM] [Warning] Delay teleporting: enabled, Seconds: 7
[1/31/2018 4:33:58 AM] [Warning] Cancel teleport if bleeding: disabled
[1/31/2018 4:33:58 AM] [Warning] NinjaTP: disabled, EffectID: 0
[1/31/2018 4:33:58 AM] [Warning] [Delay] Cancel teleport if hurt: enabled
[1/31/2018 4:33:58 AM] [Warning] ...
[1/31/2018 4:33:58 AM] [Warning] Checking for problems:
[1/31/2018 4:33:58 AM] [Warning] No errors have been found!
[1/31/2018 4:33:58 AM] [Warning] ...
[1/31/2018 4:33:58 AM] [Warning] Always welcome to suggestions! If you find a bug, please report it!
[1/31/2018 4:33:58 AM] [Info] 
[loading] SmartSpawner
[1/31/2018 4:33:59 AM] [Info] [registered] /ss (SmartSpawner.SmartSpawner/ss)
[1/31/2018 4:33:59 AM] [Info] 
[loading] Uconomy
[1/31/2018 4:33:59 AM] [Info] [registered] /balance (fr34kyn01535.Uconomy.CommandBalance/balance)
[1/31/2018 4:33:59 AM] [Info] [registered] /pay (fr34kyn01535.Uconomy.CommandPay/pay)
[1/31/2018 4:33:59 AM] [Info] 
[loading] ZaupClearInventoryLib
[1/31/2018 4:33:59 AM] [Info] [registered] /ci (ZaupClearInventoryLib.CommandCi/ci)
[1/31/2018 4:33:59 AM] [Info] [registered] /clearinventory (ZaupClearInventoryLib.CommandCi/clearinventory)
[1/31/2018 4:33:59 AM] [Info] [registered] /cleari (ZaupClearInventoryLib.CommandCi/cleari)
[1/31/2018 4:33:59 AM] [Info] 
[loading] ZaupFeast
[1/31/2018 4:33:59 AM] [Info] [registered] /runfeast (ZaupFeast.CommandRunFeast/runfeast)
[1/31/2018 4:33:59 AM] [Info] [registered] /frun (ZaupFeast.CommandRunFeast/frun)
[1/31/2018 4:33:59 AM] [Info] MessageAnnouncer >> Broadcast: Se amable con quienes no tienen armas.
[1/31/2018 4:33:59 AM] [Info] MessageAnnouncer >> Se amable con quienes no tienen armas.
[1/31/2018 4:34:12 AM] [Info] Unloading DeathMessagesRemastered
[1/31/2018 4:34:12 AM] [Info] 
[unloading] DeathMessagesRemastered
[1/31/2018 4:34:20 AM] [Info] Unloading SmartSpawner
[1/31/2018 4:34:20 AM] [Info] 
[unloading] SmartSpawner
[1/31/2018 4:34:31 AM] [Info] Saving server
[1/31/2018 4:34:38 AM] [Info] Connecting: PlayerID: 76561198021210177 Name: 'elpraaah Character: Elprah
[1/31/2018 4:34:38 AM] [Info] FeexRanks >> Broadcast: [Associato] Elprah (0 puntos, posicion 1) se ha conectado al server.
[1/31/2018 4:34:52 AM] [Info] The plugin DeathMessagesRemastered is not loaded
[1/31/2018 4:34:58 AM] [Info] Unloading MessageAnnouncer
[1/31/2018 4:34:58 AM] [Info] 
[unloading] MessageAnnouncer
[1/31/2018 4:34:58 AM] [Info] MessageAnnouncer >> Unload
[1/31/2018 4:35:02 AM] [Info] [World] Elprah ['elpraaah]: "/kits"
[1/31/2018 4:35:06 AM] [Info] Unloading Kits
[1/31/2018 4:35:06 AM] [Info] 
[unloading] Kits
[1/31/2018 4:35:11 AM] [Info] [World] Elprah ['elpraaah]: "/help"
[1/31/2018 4:35:13 AM] [Info] [World] Elprah ['elpraaah]: "asd"
[1/31/2018 4:35:17 AM] [Info] Broadcast: sdf
[1/31/2018 4:35:22 AM] [Info] Unloading ZaupClearInventoryLib
[1/31/2018 4:35:22 AM] [Info] 
[unloading] ZaupClearInventoryLib
[1/31/2018 4:35:24 AM] [Info] Broadcast: asd
[1/31/2018 4:35:29 AM] [Info] Unloading ZaupFeast
[1/31/2018 4:35:29 AM] [Info] 
[unloading] ZaupFeast
[1/31/2018 4:35:31 AM] [Info] Saving server
[1/31/2018 4:35:36 AM] [Info] Broadcast: asd
[1/31/2018 4:35:43 AM] [Info] Plugin ranakdsm not found
[1/31/2018 4:35:48 AM] [Info] Rocket v4.9.3.0 for Unturned v3.23.4.2
[1/31/2018 4:35:48 AM] [Info] https://rocketmod.net - 2017
[1/31/2018 4:35:53 AM] [Info] Unloading AdminChat
[1/31/2018 4:35:53 AM] [Info] 
[unloading] AdminChat
[1/31/2018 4:35:58 AM] [Info] Broadcast: asd
[1/31/2018 4:36:05 AM] [Info] Broadcast: 12934
[1/31/2018 4:36:10 AM] [Info] Unloading FeexRanks
[1/31/2018 4:36:10 AM] [Info] 
[unloading] FeexRanks
[1/31/2018 4:36:10 AM] [Info] FeexRanks >> Freenex's FeexRanks has been unloaded!
[1/31/2018 4:36:18 AM] [Info] Broadcast: asddsfsdf
[1/31/2018 4:36:31 AM] [Info] Saving server
[1/31/2018 4:36:33 AM] [Info] Broadcast: 1902
[1/31/2018 4:36:45 AM] [Info] Group not found
[1/31/2018 4:36:49 AM] [Info] Elprah was removed from from the group admin
[1/31/2018 4:36:53 AM] [Info] Broadcast: sdjfsdjfsd
[1/31/2018 4:37:02 AM] [Info] Rocket v4.9.3.0 for Unturned v3.23.4.2
[1/31/2018 4:37:02 AM] [Info] https://rocketmod.net - 2017
[1/31/2018 4:37:13 AM] [Info] Unloading AdminWarnings
[1/31/2018 4:37:13 AM] [Info] 
[unloading] AdminWarnings
[1/31/2018 4:37:13 AM] [Info] AdminWarnings >> AdminWarnings has Unloaded!
[1/31/2018 4:37:19 AM] [Info] Broadcast: sdf
[1/31/2018 4:37:26 AM] [Info] Unloading RocketMod_TPA
[1/31/2018 4:37:26 AM] [Info] 
[unloading] RocketMod_TPA
[1/31/2018 4:37:31 AM] [Info] Saving server
[1/31/2018 4:37:33 AM] [Info] Broadcast: ....
[1/31/2018 4:37:46 AM] [Info] Unloading JoinLeaveMessages
[1/31/2018 4:37:46 AM] [Info] 
[unloading] JoinLeaveMessages
[1/31/2018 4:37:56 AM] [Info] Broadcast: ola
[1/31/2018 4:38:31 AM] [Info] Saving server
[1/31/2018 4:38:49 AM] [Info] The plugin RocketMod_TPA is not loaded
[1/31/2018 4:39:18 AM] [Info] Unloading Uconomy
[1/31/2018 4:39:18 AM] [Info] 
[unloading] Uconomy
[1/31/2018 4:39:22 AM] [Info] Broadcast: sj
[1/31/2018 4:39:31 AM] [Info] Saving server
[1/31/2018 4:39:41 AM] [Info] The plugin RocketMod_TPA is not loaded
[1/31/2018 4:39:44 AM] [Info] The plugin ZaupClearInventoryLib is not loaded
[1/31/2018 4:39:50 AM] [Info] Unloading FeexExp
[1/31/2018 4:39:50 AM] [Info] 
[unloading] FeexExp
[1/31/2018 4:39:50 AM] [Info] FeexExp >> Freenex's FeexExp has been unloaded!
[1/31/2018 4:39:53 AM] [Info] The plugin FeexRanks is not loaded
[1/31/2018 4:39:59 AM] [Info] Broadcast: olsa
[1/31/2018 4:40:09 AM] [Info] This command can't be called from console
[1/31/2018 4:40:24 AM] [Info] Successfully saved the game.
[1/31/2018 4:40:28 AM] [Info] ZaupFeast >> The next feast will be at Stratford at 1/31/2018 4:55:28 AM
[1/31/2018 4:40:28 AM] [Info] 
[unloading] ZaupClearInventoryLib
[1/31/2018 4:40:28 AM] [Info] 
[unloading] FeexRanks
[1/31/2018 4:40:28 AM] [Info] FeexRanks >> Freenex's FeexRanks has been unloaded!
[1/31/2018 4:40:28 AM] [Info] 
[unloading] ZaupFeast
[1/31/2018 4:40:28 AM] [Info] 
[unloading] RocketMod_TPA
[1/31/2018 4:40:28 AM] [Info] 
[unloading] AdminChat
[1/31/2018 4:40:28 AM] [Error] NullReferenceException: Object reference not set to an instance of an object - AdminChat.AdminChat.Unload ()
Rocket.Core.Plugins.RocketPlugin.UnloadPlugin (PluginState state)
Rocket.Core.Plugins.RocketPlugin.OnDisable ()

[1/31/2018 4:40:28 AM] [Info] 
[unloading] FeexExp
[1/31/2018 4:40:28 AM] [Info] FeexExp >> Freenex's FeexExp has been unloaded!
[1/31/2018 4:40:28 AM] [Info] 
[unloading] SmartSpawner
[1/31/2018 4:40:28 AM] [Info] 
[unloading] JoinLeaveMessages
[1/31/2018 4:40:28 AM] [Info] 
[unloading] DeathMessagesRemastered
[1/31/2018 4:40:28 AM] [Info] 
[unloading] MessageAnnouncer
[1/31/2018 4:40:28 AM] [Info] MessageAnnouncer >> Unload
[1/31/2018 4:40:28 AM] [Info] 
[unloading] AdminWarnings
[1/31/2018 4:40:28 AM] [Info] AdminWarnings >> AdminWarnings has Unloaded!
[1/31/2018 4:40:28 AM] [Info] 
[unloading] Kits
[1/31/2018 4:40:28 AM] [Info] 
[unloading] Uconomy
