[1/31/2018 4:53:48 AM] [Info] [registered] /admins (Rocket.Unturned.Commands.UnturnedCommands/admins)
[1/31/2018 4:53:48 AM] [Info] [registered] /airdrop (Rocket.Unturned.Commands.UnturnedCommands/airdrop)
[1/31/2018 4:53:48 AM] [Info] [registered] /animal (Rocket.Unturned.Commands.UnturnedCommands/animal)
[1/31/2018 4:53:48 AM] [Info] [registered] /bans (Rocket.Unturned.Commands.UnturnedCommands/bans)
[1/31/2018 4:53:48 AM] [Info] [registered] /bind (Rocket.Unturned.Commands.UnturnedCommands/bind)
[1/31/2018 4:53:48 AM] [Info] [registered] /chatrate (Rocket.Unturned.Commands.UnturnedCommands/chatrate)
[1/31/2018 4:53:48 AM] [Info] [registered] /cheats (Rocket.Unturned.Commands.UnturnedCommands/cheats)
[1/31/2018 4:53:48 AM] [Info] [registered] /cycle (Rocket.Unturned.Commands.UnturnedCommands/cycle)
[1/31/2018 4:53:48 AM] [Info] [registered] /day (Rocket.Unturned.Commands.UnturnedCommands/day)
[1/31/2018 4:53:48 AM] [Info] [registered] /debug (Rocket.Unturned.Commands.UnturnedCommands/debug)
[1/31/2018 4:53:48 AM] [Info] [registered] /experience (Rocket.Unturned.Commands.UnturnedCommands/experience)
[1/31/2018 4:53:48 AM] [Info] [registered] /filter (Rocket.Unturned.Commands.UnturnedCommands/filter)
[1/31/2018 4:53:48 AM] [Info] [registered] /flag (Rocket.Unturned.Commands.UnturnedCommands/flag)
[1/31/2018 4:53:48 AM] [Info] [registered] /gamemode (Rocket.Unturned.Commands.UnturnedCommands/gamemode)
[1/31/2018 4:53:48 AM] [Info] [registered] /give (Rocket.Unturned.Commands.UnturnedCommands/give)
[1/31/2018 4:53:48 AM] [Info] [registered] /gold (Rocket.Unturned.Commands.UnturnedCommands/gold)
[1/31/2018 4:53:48 AM] [Info] [registered] /hide_admins (Rocket.Unturned.Commands.UnturnedCommands/hide_admins)
[1/31/2018 4:53:48 AM] [Info] [registered] /kill (Rocket.Unturned.Commands.UnturnedCommands/kill)
[1/31/2018 4:53:48 AM] [Info] [registered] /loadout (Rocket.Unturned.Commands.UnturnedCommands/loadout)
[1/31/2018 4:53:48 AM] [Info] [registered] /log (Rocket.Unturned.Commands.UnturnedCommands/log)
[1/31/2018 4:53:48 AM] [Info] [registered] /map (Rocket.Unturned.Commands.UnturnedCommands/map)
[1/31/2018 4:53:48 AM] [Info] [registered] /maxplayers (Rocket.Unturned.Commands.UnturnedCommands/maxplayers)
[1/31/2018 4:53:48 AM] [Info] [registered] /mode (Rocket.Unturned.Commands.UnturnedCommands/mode)
[1/31/2018 4:53:48 AM] [Info] [registered] /modules (Rocket.Unturned.Commands.UnturnedCommands/modules)
[1/31/2018 4:53:48 AM] [Info] [registered] /name (Rocket.Unturned.Commands.UnturnedCommands/name)
[1/31/2018 4:53:48 AM] [Info] [registered] /night (Rocket.Unturned.Commands.UnturnedCommands/night)
[1/31/2018 4:53:48 AM] [Info] [registered] /owner (Rocket.Unturned.Commands.UnturnedCommands/owner)
[1/31/2018 4:53:48 AM] [Info] [registered] /password (Rocket.Unturned.Commands.UnturnedCommands/password)
[1/31/2018 4:53:48 AM] [Info] [registered] /permit (Rocket.Unturned.Commands.UnturnedCommands/permit)
[1/31/2018 4:53:48 AM] [Info] [registered] /permits (Rocket.Unturned.Commands.UnturnedCommands/permits)
[1/31/2018 4:53:48 AM] [Info] [registered] /perspective (Rocket.Unturned.Commands.UnturnedCommands/perspective)
[1/31/2018 4:53:48 AM] [Info] [registered] /players (Rocket.Unturned.Commands.UnturnedCommands/players)
[1/31/2018 4:53:48 AM] [Info] [registered] /port (Rocket.Unturned.Commands.UnturnedCommands/port)
[1/31/2018 4:53:48 AM] [Info] [registered] /pve (Rocket.Unturned.Commands.UnturnedCommands/pve)
[1/31/2018 4:53:48 AM] [Info] [registered] /quest (Rocket.Unturned.Commands.UnturnedCommands/quest)
[1/31/2018 4:53:48 AM] [Info] [registered] /queue_size (Rocket.Unturned.Commands.UnturnedCommands/queue_size)
[1/31/2018 4:53:48 AM] [Info] [registered] /reputation (Rocket.Unturned.Commands.UnturnedCommands/reputation)
[1/31/2018 4:53:48 AM] [Info] [registered] /resetconfig (Rocket.Unturned.Commands.UnturnedCommands/resetconfig)
[1/31/2018 4:53:48 AM] [Info] [registered] /save (Rocket.Unturned.Commands.UnturnedCommands/save)
[1/31/2018 4:53:48 AM] [Info] [registered] /say (Rocket.Unturned.Commands.UnturnedCommands/say)
[1/31/2018 4:53:48 AM] [Info] [registered] /shutdown (Rocket.Unturned.Commands.UnturnedCommands/shutdown)
[1/31/2018 4:53:48 AM] [Info] [registered] /spy (Rocket.Unturned.Commands.UnturnedCommands/spy)
[1/31/2018 4:53:48 AM] [Info] [registered] /sync (Rocket.Unturned.Commands.UnturnedCommands/sync)
[1/31/2018 4:53:49 AM] [Info] [registered] /teleport (Rocket.Unturned.Commands.UnturnedCommands/teleport)
[1/31/2018 4:53:49 AM] [Info] [registered] /time (Rocket.Unturned.Commands.UnturnedCommands/time)
[1/31/2018 4:53:49 AM] [Info] [registered] /timeout (Rocket.Unturned.Commands.UnturnedCommands/timeout)
[1/31/2018 4:53:49 AM] [Info] [registered] /unpermit (Rocket.Unturned.Commands.UnturnedCommands/unpermit)
[1/31/2018 4:53:49 AM] [Info] [registered] /vehicle (Rocket.Unturned.Commands.UnturnedCommands/vehicle)
[1/31/2018 4:53:49 AM] [Info] [registered] /votify (Rocket.Unturned.Commands.UnturnedCommands/votify)
[1/31/2018 4:53:49 AM] [Info] [registered] /weather (Rocket.Unturned.Commands.UnturnedCommands/weather)
[1/31/2018 4:53:49 AM] [Info] [registered] /welcome (Rocket.Unturned.Commands.UnturnedCommands/welcome)
[1/31/2018 4:53:49 AM] [Info] [registered] /whitelisted (Rocket.Unturned.Commands.UnturnedCommands/whitelisted)
[1/31/2018 4:53:49 AM] [Info] [registered] /more (Rocket.Unturned.Commands.CommandMore/more)
[1/31/2018 4:53:49 AM] [Info] [registered] /admin (Rocket.Unturned.Commands.CommandAdmin/admin)
[1/31/2018 4:53:49 AM] [Info] [registered] /broadcast (Rocket.Unturned.Commands.CommandBroadcast/broadcast)
[1/31/2018 4:53:49 AM] [Info] [registered] /compass (Rocket.Unturned.Commands.CommandCompass/compass)
[1/31/2018 4:53:49 AM] [Info] [registered] /effect (Rocket.Unturned.Commands.CommandEffect/effect)
[1/31/2018 4:53:49 AM] [Info] [registered] /exit (Rocket.Unturned.Commands.CommandExit/exit)
[1/31/2018 4:53:49 AM] [Info] [registered] /god (Rocket.Unturned.Commands.CommandGod/god)
[1/31/2018 4:53:49 AM] [Info] [registered] /heal (Rocket.Unturned.Commands.CommandHeal/heal)
[1/31/2018 4:53:49 AM] [Info] [registered] /help (Rocket.Unturned.Commands.CommandHelp/help)
[1/31/2018 4:53:49 AM] [Info] [registered] /tphome (Rocket.Unturned.Commands.CommandHome/home)
[1/31/2018 4:53:49 AM] [Info] [registered] /i (Rocket.Unturned.Commands.CommandI/i)
[1/31/2018 4:53:49 AM] [Info] [registered] /item (Rocket.Unturned.Commands.CommandI/item)
[1/31/2018 4:53:49 AM] [Info] [registered] /p (Rocket.Unturned.Commands.CommandP/p)
[1/31/2018 4:53:49 AM] [Info] [registered] /permissions (Rocket.Unturned.Commands.CommandP/permissions)
[1/31/2018 4:53:49 AM] [Info] [registered] /rocket (Rocket.Unturned.Commands.CommandRocket/rocket)
[1/31/2018 4:53:49 AM] [Info] [registered] /tp (Rocket.Unturned.Commands.CommandTp/tp)
[1/31/2018 4:53:49 AM] [Info] [registered] /tphere (Rocket.Unturned.Commands.CommandTphere/tphere)
[1/31/2018 4:53:49 AM] [Info] [registered] /unadmin (Rocket.Unturned.Commands.CommandUnadmin/unadmin)
[1/31/2018 4:53:49 AM] [Info] [registered] /v (Rocket.Unturned.Commands.CommandV/v)
[1/31/2018 4:53:49 AM] [Info] [registered] /vanish (Rocket.Unturned.Commands.CommandVanish/vanish)
[1/31/2018 4:53:50 AM] [Info] Loading AdminChat from C:\Unturned server\game\Servers\mafia\Rocket\Plugins\AdminChat.dll
[1/31/2018 4:53:50 AM] [Info] Loading AdminWarnings from C:\Unturned server\game\Servers\mafia\Rocket\Plugins\AdminWarnings.dll
[1/31/2018 4:53:50 AM] [Info] Loading DeathMessagesRemastered from C:\Unturned server\game\Servers\mafia\Rocket\Plugins\DeathMessagesRemastered.dll
[1/31/2018 4:53:50 AM] [Info] Loading FeexExp from C:\Unturned server\game\Servers\mafia\Rocket\Plugins\FeexExp.dll
[1/31/2018 4:53:50 AM] [Info] Loading FeexRanks from C:\Unturned server\game\Servers\mafia\Rocket\Plugins\FeexRanks.dll
[1/31/2018 4:53:50 AM] [Info] Loading JoinLeaveMessages from C:\Unturned server\game\Servers\mafia\Rocket\Plugins\JoinLeaveMessages.dll
[1/31/2018 4:53:50 AM] [Info] Loading Kits from C:\Unturned server\game\Servers\mafia\Rocket\Plugins\Kits.dll
[1/31/2018 4:53:50 AM] [Info] Loading MessageAnnouncer from C:\Unturned server\game\Servers\mafia\Rocket\Plugins\MessageAnnouncer.dll
[1/31/2018 4:53:50 AM] [Info] Loading RocketMod_TPA from C:\Unturned server\game\Servers\mafia\Rocket\Plugins\RocketMod_TPA.dll
[1/31/2018 4:53:50 AM] [Info] Loading SmartSpawner from C:\Unturned server\game\Servers\mafia\Rocket\Plugins\SmartSpawner.dll
[1/31/2018 4:53:50 AM] [Info] Loading Uconomy from C:\Unturned server\game\Servers\mafia\Rocket\Plugins\Uconomy.dll
[1/31/2018 4:53:50 AM] [Info] Loading ZaupClearInventoryLib from C:\Unturned server\game\Servers\mafia\Rocket\Plugins\ZaupClearInventoryLib.dll
[1/31/2018 4:53:50 AM] [Info] Loading ZaupFeast from C:\Unturned server\game\Servers\mafia\Rocket\Plugins\ZaupFeast.dll
[1/31/2018 4:53:50 AM] [Info] 
[loading] AdminChat
[1/31/2018 4:53:50 AM] [Info] [registered] /adminchat (AdminChat.CommandAdminChat/AdminChat)
[1/31/2018 4:53:50 AM] [Info] [registered] /ac (AdminChat.CommandAdminChat/ac)
[1/31/2018 4:53:50 AM] [Warning] AdminChat by Anomoly :)
[1/31/2018 4:53:50 AM] [Warning] Current Version: 8
[1/31/2018 4:53:50 AM] [Warning] Something wrong? Join my Discord for support discord.gg/4Fq2Spe
[1/31/2018 4:53:50 AM] [Info] 
[loading] AdminWarnings
[1/31/2018 4:53:50 AM] [Info] [registered] /removewarn (AdminWarnings.CommandRemoveWarn/removewarn)
[1/31/2018 4:53:50 AM] [Info] [registered] /warn (AdminWarnings.CommandWarn/warn)
[1/31/2018 4:53:50 AM] [Info] [registered] /warnings (AdminWarnings.CommandWarnings/warnings)
[1/31/2018 4:53:50 AM] [Info] [registered] /warns (AdminWarnings.CommandWarnings/warns)
[1/31/2018 4:53:50 AM] [Info] [registered] /clearwarninglogs (AdminWarnings.Commands.CommandClearWarningLogs/clearwarninglogs)
[1/31/2018 4:53:50 AM] [Info] AdminWarnings >> AdminWarnings has Loaded!
[1/31/2018 4:53:50 AM] [Info] 
[loading] DeathMessagesRemastered
[1/31/2018 4:53:50 AM] [Info] DeathMessagesRemastered >> Death Messages Remastered has been loaded!
[1/31/2018 4:53:50 AM] [Warning] --
[1/31/2018 4:53:50 AM] [Warning] Suicide messages are enabled!
[1/31/2018 4:53:50 AM] [Warning] Health warning messages are enabled!
[1/31/2018 4:53:50 AM] [Warning] Uconomy is enabled!
[1/31/2018 4:53:50 AM] [Warning] Experience is enabled!
[1/31/2018 4:53:50 AM] [Warning] --
[1/31/2018 4:53:50 AM] [Info] 
[loading] FeexExp
[1/31/2018 4:53:50 AM] [Info] [registered] /exp (Freenex.FeexExp.CommandExp/exp)
[1/31/2018 4:53:50 AM] [Info] FeexExp >> Freenex's FeexExp has been loaded!
[1/31/2018 4:53:50 AM] [Info] Adding UnturnedPlayerComponent: FeexExpPlayerComponent
[1/31/2018 4:53:50 AM] [Info] 
[loading] FeexRanks
[1/31/2018 4:53:50 AM] [Info] [registered] /list (Freenex.FeexRanks.CommandList/list)
[1/31/2018 4:53:50 AM] [Info] [registered] /points (Freenex.FeexRanks.CommandPoints/points)
[1/31/2018 4:53:50 AM] [Info] [registered] /rank (Freenex.FeexRanks.CommandRank/rank)
[1/31/2018 4:53:51 AM] [Info] FeexRanks >> Freenex's FeexRanks has been loaded!
[1/31/2018 4:53:51 AM] [Info] 
[loading] JoinLeaveMessages
[1/31/2018 4:53:51 AM] [Info] 
[loading] Kits
[1/31/2018 4:53:51 AM] [Info] [registered] /kits (fr34kyn01535.Kits.CommandKits/kits)
[1/31/2018 4:53:51 AM] [Info] [registered] /kit (fr34kyn01535.Kits.CommandKit/kit)
[1/31/2018 4:53:51 AM] [Info] Kits >> Optional dependency Uconomy is not present.
[1/31/2018 4:53:51 AM] [Info] 
[loading] MessageAnnouncer
[1/31/2018 4:53:51 AM] [Info] MessageAnnouncer >> Load
[1/31/2018 4:53:52 AM] [Info] [registered] /reglas (fr34kyn01535.MessageAnnouncer.RocketTextCommand/Reglas)
[1/31/2018 4:53:52 AM] [Info] [registered] /reglas (fr34kyn01535.MessageAnnouncer.RocketTextCommand/Reglas)
[1/31/2018 4:53:52 AM] [Info] 
[loading] RocketMod_TPA
[1/31/2018 4:53:52 AM] [Info] [registered] /tpa (RocketMod_TPA.CommandTPA/tpa)
[1/31/2018 4:53:52 AM] [Warning] TPA by LeeIzaZombie, Version 1.7.0.2
[1/31/2018 4:53:52 AM] [Warning] ...
[1/31/2018 4:53:52 AM] [Warning] Current configuration:
[1/31/2018 4:53:52 AM] [Warning] ...
[1/31/2018 4:53:52 AM] [Warning] Cooldown TPA requests: enabled, Seconds: 20
[1/31/2018 4:53:52 AM] [Warning] Delay teleporting: enabled, Seconds: 7
[1/31/2018 4:53:52 AM] [Warning] Cancel teleport if bleeding: disabled
[1/31/2018 4:53:52 AM] [Warning] NinjaTP: disabled, EffectID: 0
[1/31/2018 4:53:52 AM] [Warning] [Delay] Cancel teleport if hurt: enabled
[1/31/2018 4:53:52 AM] [Warning] ...
[1/31/2018 4:53:52 AM] [Warning] Checking for problems:
[1/31/2018 4:53:52 AM] [Warning] No errors have been found!
